---------------------------------------------------------------
[ 2020-05-01T23:55:11+08:00 ] 120.239.112.64 GET /home.php/merchant/merchant/login.html
[ info ] b.8861.com/home.php/merchant/merchant/login.html [运行时间：0.016314s][吞吐率：61.30req/s] [内存消耗：2,195.21kb] [文件加载：42]
[ info ] [ LANG ] /www/wwwroot/nouser/thinkphp/lang/zh-cn.php
[ info ] [ ROUTE ] array (
  'type' => 'module',
  'module' => 
  array (
    0 => 'merchant',
    1 => 'merchant',
    2 => 'login',
  ),
)
[ info ] [ HEADER ] array (
  'host' => 'b.8861.com',
  'connection' => 'keep-alive',
  'user-agent' => 'Mozilla/5.0 (Windows NT 6.1; WOW64) AppleWebKit/537.36 (KHTML, like Gecko) Chrome/70.0.3538.25 Safari/537.36 Core/1.70.3722.400 QQBrowser/10.5.3751.400',
  'accept' => 'image/webp,image/apng,image/*,*/*;q=0.8',
  'referer' => 'http://b.8861.com/home.php/admin/order/lists.html?abc=&merchant_id=&shop_name=&task_id=&type=&user_id=&wangwang=&verifycode=&starttime=2020-05-01&lasttime=2020-05-01&startprice=&lastprice=&aid=29&tid=&limit=&page=1',
  'accept-encoding' => 'gzip, deflate',
  'accept-language' => 'zh-CN,zh;q=0.9',
  'cookie' => 'PHPSESSID=84ipvtvfprhegk8rlgeogb0bk4',
)
[ info ] [ PARAM ] array (
)
[ info ] [ RUN ] app\merchant\controller\Merchant->login[ /www/wwwroot/nouser/application/merchant/controller/Merchant.php ]
[ info ] [ VIEW ] ./application/merchant/view/merchant/login.html [ array (
  0 => 'module',
  1 => 'control',
) ]
[ info ] [ LOG ] INIT File
---------------------------------------------------------------
[ 2020-05-01T23:55:24+08:00 ] 113.80.101.59 GET /home.php/merchant/merchant/login.html
[ info ] www.8861.com/home.php/merchant/merchant/login.html [运行时间：0.018409s][吞吐率：54.32req/s] [内存消耗：2,194.66kb] [文件加载：42]
[ info ] [ LANG ] /www/wwwroot/nouser/thinkphp/lang/zh-cn.php
[ info ] [ ROUTE ] array (
  'type' => 'module',
  'module' => 
  array (
    0 => 'merchant',
    1 => 'merchant',
    2 => 'login',
  ),
)
[ info ] [ HEADER ] array (
  'upgrade-insecure-requests' => '1',
  'accept' => 'text/html,application/xhtml+xml,application/xml;q=0.9,image/webp,image/apng,*/*;q=0.8',
  'accept-encoding' => 'gzip, deflate',
  'accept-language' => 'zh-CN,en-US;q=0.8',
  'x-ucbrowser-ua' => 'dv(PCHM30);pr(UCBrowser/12.9.5.1075);ov(Android 9);ss(360*800);pi(720*1600);bt(YZ);pm(0);bv(1);nm(0);im(0);sr(0);nt(2);',
  'user-agent' => 'Mozilla/5.0 (Linux; U; Android 9; zh-CN; PCHM30 Build/PKQ1.190714.001) AppleWebKit/537.36 (KHTML, like Gecko) Version/4.0 Chrome/57.0.2987.108 UCBrowser/12.9.5.1075 Mobile Safari/537.36',
  'referer' => 'http://www.8861.com/',
  'clientip' => '113.80.101.59',
  'x-forwarded-for' => '113.80.101.59',
  'host' => 'www.8861.com',
  'cache-control' => 'max-age=259200',
  'connection' => 'keep-alive',
)
[ info ] [ PARAM ] array (
)
[ info ] [ RUN ] app\merchant\controller\Merchant->login[ /www/wwwroot/nouser/application/merchant/controller/Merchant.php ]
[ info ] [ VIEW ] ./application/merchant/view/merchant/login.html [ array (
  0 => 'module',
  1 => 'control',
) ]
[ info ] [ LOG ] INIT File
---------------------------------------------------------------
[ 2020-05-01T23:55:24+08:00 ] 113.80.101.59 GET /home.php/merchant/merchant/Index-VerifyCode.png
[ info ] www.8861.com/home.php/merchant/merchant/Index-VerifyCode.png [运行时间：0.015876s][吞吐率：62.99req/s] [内存消耗：2,201.68kb] [文件加载：43]
[ info ] [ LANG ] /www/wwwroot/nouser/thinkphp/lang/zh-cn.php
[ info ] [ ROUTE ] array (
  'type' => 'module',
  'module' => 
  array (
    0 => 'merchant',
    1 => 'merchant',
    2 => 'Index-VerifyCode.png',
  ),
)
[ info ] [ HEADER ] array (
  'upgrade-insecure-requests' => '1',
  'accept' => 'text/html,application/xhtml+xml,application/xml;q=0.9,image/webp,image/apng,*/*;q=0.8',
  'accept-encoding' => 'gzip, deflate',
  'accept-language' => 'zh-CN,en-US;q=0.8',
  'x-ucbrowser-ua' => 'dv(PCHM30);pr(UCBrowser/12.9.5.1075);ov(Android 9);ss(360*800);pi(720*1600);bt(YZ);pm(0);bv(1);nm(0);im(0);sr(0);nt(2);',
  'user-agent' => 'Mozilla/5.0 (Linux; U; Android 9; zh-CN; PCHM30 Build/PKQ1.190714.001) AppleWebKit/537.36 (KHTML, like Gecko) Version/4.0 Chrome/57.0.2987.108 UCBrowser/12.9.5.1075 Mobile Safari/537.36',
  'referer' => 'http://www.8861.com/',
  'cookie' => 'PHPSESSID=0tlfo4n79p8qjac8rgvl5jie76',
  'clientip' => '113.80.101.59',
  'x-forwarded-for' => '113.80.101.59',
  'host' => 'www.8861.com',
  'cache-control' => 'max-age=259200',
  'connection' => 'keep-alive',
)
[ info ] [ PARAM ] array (
)
[ info ] [ VIEW ] /www/wwwroot/nouser/thinkphp/tpl/dispatch_jump.tpl [ array (
  0 => 'code',
  1 => 'msg',
  2 => 'data',
  3 => 'url',
  4 => 'wait',
) ]
[ info ] [ LOG ] INIT File
---------------------------------------------------------------
[ 2020-05-01T23:55:26+08:00 ] 113.80.101.59 GET /home.php/merchant/merchant/Index-VerifyCode.png
[ info ] www.8861.com/home.php/merchant/merchant/Index-VerifyCode.png [运行时间：0.015763s][吞吐率：63.44req/s] [内存消耗：2,200.91kb] [文件加载：43]
[ info ] [ LANG ] /www/wwwroot/nouser/thinkphp/lang/zh-cn.php
[ info ] [ ROUTE ] array (
  'type' => 'module',
  'module' => 
  array (
    0 => 'merchant',
    1 => 'merchant',
    2 => 'Index-VerifyCode.png',
  ),
)
[ info ] [ HEADER ] array (
  'accept' => 'image/webp,image/apng,image/*,*/*;q=0.8',
  'accept-encoding' => 'gzip, deflate',
  'accept-language' => 'zh-CN,en-US;q=0.8',
  'user-agent' => 'Mozilla/5.0 (Linux; U; Android 9; zh-CN; PCHM30 Build/PKQ1.190714.001) AppleWebKit/537.36 (KHTML, like Gecko) Version/4.0 Chrome/57.0.2987.108 UCBrowser/12.9.5.1075 Mobile Safari/537.36',
  'referer' => 'http://www.8861.com/home.php/merchant/merchant/login.html',
  'clientip' => '113.80.101.59',
  'cookie' => 'PHPSESSID=0tlfo4n79p8qjac8rgvl5jie76;',
  'x-forwarded-for' => '113.80.101.59',
  'host' => 'www.8861.com',
  'cache-control' => 'max-age=259200',
  'connection' => 'keep-alive',
)
[ info ] [ PARAM ] array (
)
[ info ] [ VIEW ] /www/wwwroot/nouser/thinkphp/tpl/dispatch_jump.tpl [ array (
  0 => 'code',
  1 => 'msg',
  2 => 'data',
  3 => 'url',
  4 => 'wait',
) ]
[ info ] [ LOG ] INIT File
---------------------------------------------------------------
[ 2020-05-01T23:55:27+08:00 ] 113.80.101.59 POST /home.php/merchant/merchant/mydatetime.html
[ info ] www.8861.com/home.php/merchant/merchant/mydatetime.html [运行时间：0.015474s][吞吐率：64.62req/s] [内存消耗：2,207.92kb] [文件加载：43]
[ info ] [ LANG ] /www/wwwroot/nouser/thinkphp/lang/zh-cn.php
[ info ] [ ROUTE ] array (
  'type' => 'module',
  'module' => 
  array (
    0 => 'merchant',
    1 => 'merchant',
    2 => 'mydatetime',
  ),
)
[ info ] [ HEADER ] array (
  'accept' => '*/*',
  'origin' => 'http://www.8861.com',
  'x-requested-with' => 'XMLHttpRequest',
  'accept-encoding' => 'gzip, deflate',
  'accept-language' => 'zh-CN,en-US;q=0.8',
  'user-agent' => 'Mozilla/5.0 (Linux; U; Android 9; zh-CN; PCHM30 Build/PKQ1.190714.001) AppleWebKit/537.36 (KHTML, like Gecko) Version/4.0 Chrome/57.0.2987.108 UCBrowser/12.9.5.1075 Mobile Safari/537.36',
  'referer' => 'http://www.8861.com/home.php/merchant/merchant/login.html',
  'clientip' => '113.80.101.59',
  'cookie' => 'PHPSESSID=0tlfo4n79p8qjac8rgvl5jie76;',
  'x-forwarded-for' => '113.80.101.59',
  'host' => 'www.8861.com',
  'cache-control' => 'max-age=259200',
  'connection' => 'keep-alive',
  'content-type' => 'application/x-www-form-urlencoded; charset=UTF-8',
  'content-length' => '7',
)
[ info ] [ PARAM ] array (
  'mytime' => '',
)
[ info ] [ LOG ] INIT File
---------------------------------------------------------------
[ 2020-05-01T23:56:29+08:00 ] 120.239.112.64 GET /home.php/admin/order/lists.html?abc=&merchant_id=&shop_name=&task_id=&type=&user_id=&wangwang=&verifycode=&starttime=2020-05-01&lasttime=2020-05-01&startprice=&lastprice=&aid=29&tid=&limit=&page=2
[ info ] b.8861.com/home.php/admin/order/lists.html?abc=&merchant_id=&shop_name=&task_id=&type=&user_id=&wangwang=&verifycode=&starttime=2020-05-01&lasttime=2020-05-01&startprice=&lastprice=&aid=29&tid=&limit=&page=2 [运行时间：0.091976s][吞吐率：10.87req/s] [内存消耗：5,722.83kb] [文件加载：62]
[ info ] [ LANG ] /www/wwwroot/nouser/thinkphp/lang/zh-cn.php
[ info ] [ ROUTE ] array (
  'type' => 'module',
  'module' => 
  array (
    0 => 'admin',
    1 => 'order',
    2 => 'lists',
  ),
)
[ info ] [ HEADER ] array (
  'host' => 'b.8861.com',
  'connection' => 'keep-alive',
  'upgrade-insecure-requests' => '1',
  'user-agent' => 'Mozilla/5.0 (Windows NT 6.1; WOW64) AppleWebKit/537.36 (KHTML, like Gecko) Chrome/70.0.3538.25 Safari/537.36 Core/1.70.3722.400 QQBrowser/10.5.3751.400',
  'accept' => 'text/html,application/xhtml+xml,application/xml;q=0.9,image/webp,image/apng,*/*;q=0.8',
  'referer' => 'http://b.8861.com/home.php/admin/order/lists.html?abc=&merchant_id=&shop_name=&task_id=&type=&user_id=&wangwang=&verifycode=&starttime=2020-05-01&lasttime=2020-05-01&startprice=&lastprice=&aid=29&tid=&limit=&page=1',
  'accept-encoding' => 'gzip, deflate',
  'accept-language' => 'zh-CN,zh;q=0.9',
  'cookie' => 'PHPSESSID=84ipvtvfprhegk8rlgeogb0bk4',
)
[ info ] [ PARAM ] array (
  'abc' => '',
  'merchant_id' => '',
  'shop_name' => '',
  'task_id' => '',
  'type' => '',
  'user_id' => '',
  'wangwang' => '',
  'verifycode' => '',
  'starttime' => '2020-05-01',
  'lasttime' => '2020-05-01',
  'startprice' => '',
  'lastprice' => '',
  'aid' => '29',
  'tid' => '',
  'limit' => '',
  'page' => '2',
)
[ info ] [ RUN ] app\admin\controller\Order->lists[ /www/wwwroot/nouser/application/admin/controller/Order.php ]
[ info ] [ DB ] INIT mysql
[ info ] [ VIEW ] ./application/admin/view/order/lists.html [ array (
  0 => 'page_show',
  1 => 'lists',
  2 => 'total',
  3 => 'todypayprice',
  4 => 'todywithout_price',
  5 => 'todywithin_price',
  6 => 'todyrefund',
  7 => 'todyrefundwithout_price',
  8 => 'todyrefundwithin_price',
  9 => 'merchant_list',
  10 => 'shop_list',
  11 => 'enum_type_arr',
  12 => 'server_list',
  13 => 'teacher_list',
  14 => 'limit',
) ]
[ info ] [ LOG ] INIT File
[ sql ] [ DB ] CONNECT:[ UseTime:0.000292s ] mysql:host=127.0.0.1;port=3306;dbname=nouser;charset=utf8
[ sql ] [ SQL ] SHOW COLUMNS FROM `order` [ RunTime:0.000901s ]
[ sql ] [ SQL ] SELECT COUNT(*) AS tp_count FROM `order` WHERE  (  1=1  and status1=4 and finishtime >= '1588262400' and finishtime <= '1588348799' and aid='29' ) LIMIT 1 [ RunTime:0.001056s ]
[ sql ] [ SQL ] SELECT * FROM `order` WHERE  (  1=1  and status1=4 and finishtime >= '1588262400' and finishtime <= '1588348799' and aid='29' ) ORDER BY finishtime desc,id desc LIMIT 10,10 [ RunTime:0.001262s ]
[ sql ] [ SQL ] SELECT SUM(payprice) AS tp_sum FROM `order` WHERE  (  1=1  and status1=4 and finishtime >= '1588262400' and finishtime <= '1588348799' and aid='29'  ) LIMIT 1 [ RunTime:0.000976s ]
[ sql ] [ SQL ] SELECT SUM(without_price) AS tp_sum FROM `order` WHERE  (  1=1  and status1=4 and finishtime >= '1588262400' and finishtime <= '1588348799' and aid='29'  ) LIMIT 1 [ RunTime:0.000916s ]
[ sql ] [ SQL ] SELECT SUM(within_price) AS tp_sum FROM `order` WHERE  (  1=1  and status1=4 and finishtime >= '1588262400' and finishtime <= '1588348799' and aid='29'  ) LIMIT 1 [ RunTime:0.000948s ]
[ sql ] [ SQL ] SELECT SUM(payprice) AS tp_sum FROM `order` WHERE  (  1=1  and status1=4 and finishtime >= '1588262400' and finishtime <= '1588348799' and aid='29'  and type=2 and status2=3 ) LIMIT 1 [ RunTime:0.003661s ]
[ sql ] [ SQL ] SELECT SUM(without_price) AS tp_sum FROM `order` WHERE  (  1=1  and status1=4 and finishtime >= '1588262400' and finishtime <= '1588348799' and aid='29'  and type=2 and status2=3 ) LIMIT 1 [ RunTime:0.001102s ]
[ sql ] [ SQL ] SELECT SUM(within_price) AS tp_sum FROM `order` WHERE  (  1=1  and status1=4 and finishtime >= '1588262400' and finishtime <= '1588348799' and aid='29'  and type=2 and status2=3 ) LIMIT 1 [ RunTime:0.001093s ]
[ sql ] [ SQL ] SHOW COLUMNS FROM `merchant` [ RunTime:0.000633s ]
[ sql ] [ SQL ] SELECT * FROM `merchant` WHERE  (  1=1  ) ORDER BY id desc [ RunTime:0.000364s ]
[ sql ] [ SQL ] SHOW COLUMNS FROM `shop` [ RunTime:0.000555s ]
[ sql ] [ SQL ] SELECT * FROM `shop` WHERE  (  1=1  ) ORDER BY id desc [ RunTime:0.000233s ]
[ sql ] [ SQL ] SHOW COLUMNS FROM `admin` [ RunTime:0.000595s ]
[ sql ] [ SQL ] SELECT * FROM `admin` WHERE  (  isdel=1 and role_id=2 ) ORDER BY id desc [ RunTime:0.000269s ]
[ sql ] [ SQL ] SELECT * FROM `admin` WHERE  (  isdel=1 and role_id=5 ) ORDER BY id desc [ RunTime:0.000265s ]
[ sql ] [ SQL ] SHOW COLUMNS FROM `config` [ RunTime:0.000593s ]
[ sql ] [ SQL ] SELECT * FROM `config` WHERE  (  1=1  ) LIMIT 1 [ RunTime:0.000212s ]
[ sql ] [ SQL ] SHOW COLUMNS FROM `hongbao` [ RunTime:0.000535s ]
[ sql ] [ SQL ] SELECT SUM(orprice) AS tp_sum FROM `hongbao` WHERE  (  admin_id=29  and intime >= '1588262400' and intime <= '1588348799' ) LIMIT 1 [ RunTime:0.000239s ]
[ sql ] [ SQL ] SELECT `money` FROM `admin` WHERE  (  id=29 ) LIMIT 1 [ RunTime:0.000144s ]
[ sql ] [ SQL ] SHOW COLUMNS FROM `menu` [ RunTime:0.000490s ]
[ sql ] [ SQL ] SELECT * FROM `menu` WHERE  (  1=1 and control='order' and action='lists' ) LIMIT 1 [ RunTime:0.000188s ]
[ sql ] [ SQL ] SELECT * FROM `admin` WHERE  (  1=1 and id='29' ) LIMIT 1 [ RunTime:0.000203s ]
[ sql ] [ SQL ] SELECT COUNT(*) AS tp_count FROM `order` WHERE  (   type=2 and status2=1 and exceptioninfo !='申请下架'  and aid='29' ) LIMIT 1 [ RunTime:0.000966s ]
[ sql ] [ SQL ] SELECT COUNT(*) AS tp_count FROM `order` WHERE  (   type=2 and status2=1 and exceptioninfo ='申请下架'  and aid='29' ) LIMIT 1 [ RunTime:0.000972s ]
[ sql ] [ SQL ] SELECT COUNT(*) AS tp_count FROM `order` WHERE  (   type=3 and status3=1 and exceptioninfo !='申请下架'  and aid='29' ) LIMIT 1 [ RunTime:0.000949s ]
[ sql ] [ SQL ] SELECT COUNT(*) AS tp_count FROM `order` WHERE  (   type in (1,3) and iscomment=2  and aid='29' ) LIMIT 1 [ RunTime:0.000859s ]
[ sql ] [ SQL ] SELECT * FROM `menu` WHERE  (  1=1 and pid=0 ) ORDER BY sort asc,name asc [ RunTime:0.000223s ]
[ sql ] [ SQL ] SELECT * FROM `menu` WHERE  (  1=1 and control='order' and action='lists' ) LIMIT 1 [ RunTime:0.000179s ]
[ sql ] [ SQL ] SELECT * FROM `menu` WHERE  (  1=1 and isshow=1 and pid=1 ) ORDER BY sort asc,name asc [ RunTime:0.000205s ]
[ sql ] [ SQL ] SELECT * FROM `menu` WHERE  (  1=1 and control='order' and action='lists' ) LIMIT 1 [ RunTime:0.000204s ]
[ sql ] [ SQL ] SELECT * FROM `menu` WHERE  (  1=1 and isshow=1 and pid=2 ) ORDER BY sort asc,name asc [ RunTime:0.000228s ]
[ sql ] [ SQL ] SELECT * FROM `menu` WHERE  (  1=1 and control='order' and action='lists' ) LIMIT 1 [ RunTime:0.000174s ]
[ sql ] [ SQL ] SELECT * FROM `menu` WHERE  (  1=1 and isshow=1 and pid=3 ) ORDER BY sort asc,name asc [ RunTime:0.000219s ]
[ sql ] [ SQL ] SELECT * FROM `menu` WHERE  (  1=1 and control='order' and action='lists' ) LIMIT 1 [ RunTime:0.000182s ]
[ sql ] [ SQL ] SELECT * FROM `menu` WHERE  (  1=1 and isshow=1 and pid=4 ) ORDER BY sort asc,name asc [ RunTime:0.000209s ]
[ sql ] [ SQL ] SELECT * FROM `menu` WHERE  (  1=1 and control='order' and action='lists' ) LIMIT 1 [ RunTime:0.000191s ]
[ sql ] [ SQL ] SELECT * FROM `menu` WHERE  (  1=1 and isshow=1 and pid=6 ) ORDER BY sort asc,name asc [ RunTime:0.000201s ]
[ sql ] [ SQL ] SELECT * FROM `menu` WHERE  (  1=1 and control='order' and action='lists' ) LIMIT 1 [ RunTime:0.000215s ]
[ sql ] [ SQL ] SELECT * FROM `menu` WHERE  (  1=1 and isshow=1 and pid=5 ) ORDER BY sort asc,name asc [ RunTime:0.000220s ]
[ sql ] [ SQL ] SHOW COLUMNS FROM `task` [ RunTime:0.000649s ]
[ sql ] [ SQL ] SELECT * FROM `task` WHERE  (  1=1 and id=41 ) ORDER BY id desc LIMIT 1 [ RunTime:0.000223s ]
[ sql ] [ SQL ] SHOW COLUMNS FROM `taskdetail` [ RunTime:0.000551s ]
[ sql ] [ SQL ] SELECT * FROM `taskdetail` WHERE  (  1=1 and id=185 ) ORDER BY id desc LIMIT 1 [ RunTime:0.000214s ]
[ sql ] [ SQL ] SELECT * FROM `shop` WHERE  (  1=1 and id=40 ) ORDER BY id asc LIMIT 1 [ RunTime:0.000151s ]
[ sql ] [ SQL ] SELECT * FROM `hongbao` WHERE  (  1=1  and order_id=3115 ) LIMIT 1 [ RunTime:0.000391s ]
[ sql ] [ SQL ] SELECT * FROM `admin` WHERE  (  1=1 and id=29 ) LIMIT 1 [ RunTime:0.000173s ]
[ sql ] [ SQL ] SELECT * FROM `merchant` WHERE  (  1=1 and id=19 ) LIMIT 1 [ RunTime:0.000160s ]
[ sql ] [ SQL ] SELECT * FROM `admin` WHERE  (  1=1 and id=24 ) LIMIT 1 [ RunTime:0.000153s ]
[ sql ] [ SQL ] SELECT * FROM `task` WHERE  (  1=1 and id=41 ) ORDER BY id desc LIMIT 1 [ RunTime:0.000211s ]
[ sql ] [ SQL ] SELECT * FROM `taskdetail` WHERE  (  1=1 and id=185 ) ORDER BY id desc LIMIT 1 [ RunTime:0.000208s ]
[ sql ] [ SQL ] SELECT * FROM `shop` WHERE  (  1=1 and id=40 ) ORDER BY id asc LIMIT 1 [ RunTime:0.000183s ]
[ sql ] [ SQL ] SELECT * FROM `hongbao` WHERE  (  1=1  and order_id=3114 ) LIMIT 1 [ RunTime:0.000417s ]
[ sql ] [ SQL ] SELECT * FROM `admin` WHERE  (  1=1 and id=29 ) LIMIT 1 [ RunTime:0.000187s ]
[ sql ] [ SQL ] SELECT * FROM `merchant` WHERE  (  1=1 and id=19 ) LIMIT 1 [ RunTime:0.000180s ]
[ sql ] [ SQL ] SELECT * FROM `admin` WHERE  (  1=1 and id=24 ) LIMIT 1 [ RunTime:0.000153s ]
[ sql ] [ SQL ] SELECT * FROM `task` WHERE  (  1=1 and id=42 ) ORDER BY id desc LIMIT 1 [ RunTime:0.000196s ]
[ sql ] [ SQL ] SELECT * FROM `taskdetail` WHERE  (  1=1 and id=200 ) ORDER BY id desc LIMIT 1 [ RunTime:0.000172s ]
[ sql ] [ SQL ] SELECT * FROM `shop` WHERE  (  1=1 and id=40 ) ORDER BY id asc LIMIT 1 [ RunTime:0.000143s ]
[ sql ] [ SQL ] SELECT * FROM `hongbao` WHERE  (  1=1  and order_id=3174 ) LIMIT 1 [ RunTime:0.000424s ]
[ sql ] [ SQL ] SELECT * FROM `admin` WHERE  (  1=1 and id=29 ) LIMIT 1 [ RunTime:0.000174s ]
[ sql ] [ SQL ] SELECT * FROM `merchant` WHERE  (  1=1 and id=19 ) LIMIT 1 [ RunTime:0.000165s ]
[ sql ] [ SQL ] SELECT * FROM `admin` WHERE  (  1=1 and id=24 ) LIMIT 1 [ RunTime:0.000157s ]
[ sql ] [ SQL ] SELECT * FROM `task` WHERE  (  1=1 and id=42 ) ORDER BY id desc LIMIT 1 [ RunTime:0.000175s ]
[ sql ] [ SQL ] SELECT * FROM `taskdetail` WHERE  (  1=1 and id=197 ) ORDER BY id desc LIMIT 1 [ RunTime:0.000176s ]
[ sql ] [ SQL ] SELECT * FROM `shop` WHERE  (  1=1 and id=40 ) ORDER BY id asc LIMIT 1 [ RunTime:0.000138s ]
[ sql ] [ SQL ] SELECT * FROM `hongbao` WHERE  (  1=1  and order_id=3167 ) LIMIT 1 [ RunTime:0.000389s ]
[ sql ] [ SQL ] SELECT * FROM `admin` WHERE  (  1=1 and id=29 ) LIMIT 1 [ RunTime:0.000181s ]
[ sql ] [ SQL ] SELECT * FROM `merchant` WHERE  (  1=1 and id=19 ) LIMIT 1 [ RunTime:0.000213s ]
[ sql ] [ SQL ] SELECT * FROM `admin` WHERE  (  1=1 and id=24 ) LIMIT 1 [ RunTime:0.000181s ]
[ sql ] [ SQL ] SELECT * FROM `task` WHERE  (  1=1 and id=42 ) ORDER BY id desc LIMIT 1 [ RunTime:0.000231s ]
[ sql ] [ SQL ] SELECT * FROM `taskdetail` WHERE  (  1=1 and id=195 ) ORDER BY id desc LIMIT 1 [ RunTime:0.000200s ]
[ sql ] [ SQL ] SELECT * FROM `shop` WHERE  (  1=1 and id=40 ) ORDER BY id asc LIMIT 1 [ RunTime:0.000145s ]
[ sql ] [ SQL ] SELECT * FROM `hongbao` WHERE  (  1=1  and order_id=3160 ) LIMIT 1 [ RunTime:0.000445s ]
[ sql ] [ SQL ] SELECT * FROM `admin` WHERE  (  1=1 and id=29 ) LIMIT 1 [ RunTime:0.000237s ]
[ sql ] [ SQL ] SELECT * FROM `merchant` WHERE  (  1=1 and id=19 ) LIMIT 1 [ RunTime:0.000284s ]
[ sql ] [ SQL ] SELECT * FROM `admin` WHERE  (  1=1 and id=24 ) LIMIT 1 [ RunTime:0.000234s ]
[ sql ] [ SQL ] SELECT * FROM `task` WHERE  (  1=1 and id=42 ) ORDER BY id desc LIMIT 1 [ RunTime:0.000233s ]
[ sql ] [ SQL ] SELECT * FROM `taskdetail` WHERE  (  1=1 and id=200 ) ORDER BY id desc LIMIT 1 [ RunTime:0.000211s ]
[ sql ] [ SQL ] SELECT * FROM `shop` WHERE  (  1=1 and id=40 ) ORDER BY id asc LIMIT 1 [ RunTime:0.000210s ]
[ sql ] [ SQL ] SELECT * FROM `hongbao` WHERE  (  1=1  and order_id=3173 ) LIMIT 1 [ RunTime:0.000427s ]
[ sql ] [ SQL ] SELECT * FROM `admin` WHERE  (  1=1 and id=29 ) LIMIT 1 [ RunTime:0.000185s ]
[ sql ] [ SQL ] SELECT * FROM `merchant` WHERE  (  1=1 and id=19 ) LIMIT 1 [ RunTime:0.000171s ]
[ sql ] [ SQL ] SELECT * FROM `admin` WHERE  (  1=1 and id=24 ) LIMIT 1 [ RunTime:0.000159s ]
[ sql ] [ SQL ] SELECT * FROM `task` WHERE  (  1=1 and id=41 ) ORDER BY id desc LIMIT 1 [ RunTime:0.000199s ]
[ sql ] [ SQL ] SELECT * FROM `taskdetail` WHERE  (  1=1 and id=185 ) ORDER BY id desc LIMIT 1 [ RunTime:0.000204s ]
[ sql ] [ SQL ] SELECT * FROM `shop` WHERE  (  1=1 and id=40 ) ORDER BY id asc LIMIT 1 [ RunTime:0.000135s ]
[ sql ] [ SQL ] SELECT * FROM `hongbao` WHERE  (  1=1  and order_id=3113 ) LIMIT 1 [ RunTime:0.000348s ]
[ sql ] [ SQL ] SELECT * FROM `admin` WHERE  (  1=1 and id=29 ) LIMIT 1 [ RunTime:0.000195s ]
[ sql ] [ SQL ] SELECT * FROM `merchant` WHERE  (  1=1 and id=19 ) LIMIT 1 [ RunTime:0.000163s ]
[ sql ] [ SQL ] SELECT * FROM `admin` WHERE  (  1=1 and id=24 ) LIMIT 1 [ RunTime:0.000154s ]
[ sql ] [ SQL ] SELECT * FROM `task` WHERE  (  1=1 and id=41 ) ORDER BY id desc LIMIT 1 [ RunTime:0.000193s ]
[ sql ] [ SQL ] SELECT * FROM `taskdetail` WHERE  (  1=1 and id=185 ) ORDER BY id desc LIMIT 1 [ RunTime:0.000175s ]
[ sql ] [ SQL ] SELECT * FROM `shop` WHERE  (  1=1 and id=40 ) ORDER BY id asc LIMIT 1 [ RunTime:0.000133s ]
[ sql ] [ SQL ] SELECT * FROM `hongbao` WHERE  (  1=1  and order_id=3112 ) LIMIT 1 [ RunTime:0.000359s ]
[ sql ] [ SQL ] SELECT * FROM `admin` WHERE  (  1=1 and id=29 ) LIMIT 1 [ RunTime:0.000163s ]
[ sql ] [ SQL ] SELECT * FROM `merchant` WHERE  (  1=1 and id=19 ) LIMIT 1 [ RunTime:0.000202s ]
[ sql ] [ SQL ] SELECT * FROM `admin` WHERE  (  1=1 and id=24 ) LIMIT 1 [ RunTime:0.000174s ]
[ sql ] [ SQL ] SELECT * FROM `task` WHERE  (  1=1 and id=40 ) ORDER BY id desc LIMIT 1 [ RunTime:0.000200s ]
[ sql ] [ SQL ] SELECT * FROM `taskdetail` WHERE  (  1=1 and id=183 ) ORDER BY id desc LIMIT 1 [ RunTime:0.000182s ]
[ sql ] [ SQL ] SELECT * FROM `shop` WHERE  (  1=1 and id=34 ) ORDER BY id asc LIMIT 1 [ RunTime:0.000142s ]
[ sql ] [ SQL ] SELECT * FROM `hongbao` WHERE  (  1=1  and order_id=3099 ) LIMIT 1 [ RunTime:0.000352s ]
[ sql ] [ SQL ] SELECT * FROM `admin` WHERE  (  1=1 and id=29 ) LIMIT 1 [ RunTime:0.000163s ]
[ sql ] [ SQL ] SELECT * FROM `merchant` WHERE  (  1=1 and id=15 ) LIMIT 1 [ RunTime:0.000161s ]
[ sql ] [ SQL ] SELECT * FROM `admin` WHERE  (  1=1 and id=23 ) LIMIT 1 [ RunTime:0.000159s ]
[ sql ] [ SQL ] SELECT * FROM `task` WHERE  (  1=1 and id=42 ) ORDER BY id desc LIMIT 1 [ RunTime:0.000190s ]
[ sql ] [ SQL ] SELECT * FROM `taskdetail` WHERE  (  1=1 and id=195 ) ORDER BY id desc LIMIT 1 [ RunTime:0.000171s ]
[ sql ] [ SQL ] SELECT * FROM `shop` WHERE  (  1=1 and id=40 ) ORDER BY id asc LIMIT 1 [ RunTime:0.000133s ]
[ sql ] [ SQL ] SELECT * FROM `hongbao` WHERE  (  1=1  and order_id=3159 ) LIMIT 1 [ RunTime:0.000363s ]
[ sql ] [ SQL ] SELECT * FROM `admin` WHERE  (  1=1 and id=29 ) LIMIT 1 [ RunTime:0.000159s ]
[ sql ] [ SQL ] SELECT * FROM `merchant` WHERE  (  1=1 and id=19 ) LIMIT 1 [ RunTime:0.000169s ]
[ sql ] [ SQL ] SELECT * FROM `admin` WHERE  (  1=1 and id=24 ) LIMIT 1 [ RunTime:0.000175s ]
---------------------------------------------------------------
[ 2020-05-01T23:56:30+08:00 ] 120.239.112.64 GET /home.php/merchant/merchant/login.html
[ info ] b.8861.com/home.php/merchant/merchant/login.html [运行时间：0.016393s][吞吐率：61.00req/s] [内存消耗：2,194.88kb] [文件加载：42]
[ info ] [ LANG ] /www/wwwroot/nouser/thinkphp/lang/zh-cn.php
[ info ] [ ROUTE ] array (
  'type' => 'module',
  'module' => 
  array (
    0 => 'merchant',
    1 => 'merchant',
    2 => 'login',
  ),
)
[ info ] [ HEADER ] array (
  'host' => 'b.8861.com',
  'connection' => 'keep-alive',
  'user-agent' => 'Mozilla/5.0 (Windows NT 6.1; WOW64) AppleWebKit/537.36 (KHTML, like Gecko) Chrome/70.0.3538.25 Safari/537.36 Core/1.70.3722.400 QQBrowser/10.5.3751.400',
  'accept' => 'image/webp,image/apng,image/*,*/*;q=0.8',
  'referer' => 'http://b.8861.com/home.php/admin/order/lists.html?abc=&merchant_id=&shop_name=&task_id=&type=&user_id=&wangwang=&verifycode=&starttime=2020-05-01&lasttime=2020-05-01&startprice=&lastprice=&aid=29&tid=&limit=&page=2',
  'accept-encoding' => 'gzip, deflate',
  'accept-language' => 'zh-CN,zh;q=0.9',
  'cookie' => 'PHPSESSID=84ipvtvfprhegk8rlgeogb0bk4',
)
[ info ] [ PARAM ] array (
)
[ info ] [ RUN ] app\merchant\controller\Merchant->login[ /www/wwwroot/nouser/application/merchant/controller/Merchant.php ]
[ info ] [ VIEW ] ./application/merchant/view/merchant/login.html [ array (
  0 => 'module',
  1 => 'control',
) ]
[ info ] [ LOG ] INIT File
---------------------------------------------------------------
[ 2020-05-01T23:56:36+08:00 ] 120.239.112.64 GET /home.php/admin/order/lists.html?abc=&merchant_id=&shop_name=&task_id=&type=&user_id=&wangwang=&verifycode=&starttime=2020-05-01&lasttime=2020-05-01&startprice=&lastprice=&aid=29&tid=&limit=&page=3
[ info ] b.8861.com/home.php/admin/order/lists.html?abc=&merchant_id=&shop_name=&task_id=&type=&user_id=&wangwang=&verifycode=&starttime=2020-05-01&lasttime=2020-05-01&startprice=&lastprice=&aid=29&tid=&limit=&page=3 [运行时间：0.087892s][吞吐率：11.38req/s] [内存消耗：5,722.88kb] [文件加载：62]
[ info ] [ LANG ] /www/wwwroot/nouser/thinkphp/lang/zh-cn.php
[ info ] [ ROUTE ] array (
  'type' => 'module',
  'module' => 
  array (
    0 => 'admin',
    1 => 'order',
    2 => 'lists',
  ),
)
[ info ] [ HEADER ] array (
  'host' => 'b.8861.com',
  'connection' => 'keep-alive',
  'upgrade-insecure-requests' => '1',
  'user-agent' => 'Mozilla/5.0 (Windows NT 6.1; WOW64) AppleWebKit/537.36 (KHTML, like Gecko) Chrome/70.0.3538.25 Safari/537.36 Core/1.70.3722.400 QQBrowser/10.5.3751.400',
  'accept' => 'text/html,application/xhtml+xml,application/xml;q=0.9,image/webp,image/apng,*/*;q=0.8',
  'referer' => 'http://b.8861.com/home.php/admin/order/lists.html?abc=&merchant_id=&shop_name=&task_id=&type=&user_id=&wangwang=&verifycode=&starttime=2020-05-01&lasttime=2020-05-01&startprice=&lastprice=&aid=29&tid=&limit=&page=2',
  'accept-encoding' => 'gzip, deflate',
  'accept-language' => 'zh-CN,zh;q=0.9',
  'cookie' => 'PHPSESSID=84ipvtvfprhegk8rlgeogb0bk4',
)
[ info ] [ PARAM ] array (
  'abc' => '',
  'merchant_id' => '',
  'shop_name' => '',
  'task_id' => '',
  'type' => '',
  'user_id' => '',
  'wangwang' => '',
  'verifycode' => '',
  'starttime' => '2020-05-01',
  'lasttime' => '2020-05-01',
  'startprice' => '',
  'lastprice' => '',
  'aid' => '29',
  'tid' => '',
  'limit' => '',
  'page' => '3',
)
[ info ] [ RUN ] app\admin\controller\Order->lists[ /www/wwwroot/nouser/application/admin/controller/Order.php ]
[ info ] [ DB ] INIT mysql
[ info ] [ VIEW ] ./application/admin/view/order/lists.html [ array (
  0 => 'page_show',
  1 => 'lists',
  2 => 'total',
  3 => 'todypayprice',
  4 => 'todywithout_price',
  5 => 'todywithin_price',
  6 => 'todyrefund',
  7 => 'todyrefundwithout_price',
  8 => 'todyrefundwithin_price',
  9 => 'merchant_list',
  10 => 'shop_list',
  11 => 'enum_type_arr',
  12 => 'server_list',
  13 => 'teacher_list',
  14 => 'limit',
) ]
[ info ] [ LOG ] INIT File
[ sql ] [ DB ] CONNECT:[ UseTime:0.000303s ] mysql:host=127.0.0.1;port=3306;dbname=nouser;charset=utf8
[ sql ] [ SQL ] SHOW COLUMNS FROM `order` [ RunTime:0.000859s ]
[ sql ] [ SQL ] SELECT COUNT(*) AS tp_count FROM `order` WHERE  (  1=1  and status1=4 and finishtime >= '1588262400' and finishtime <= '1588348799' and aid='29' ) LIMIT 1 [ RunTime:0.000997s ]
[ sql ] [ SQL ] SELECT * FROM `order` WHERE  (  1=1  and status1=4 and finishtime >= '1588262400' and finishtime <= '1588348799' and aid='29' ) ORDER BY finishtime desc,id desc LIMIT 20,10 [ RunTime:0.001326s ]
[ sql ] [ SQL ] SELECT SUM(payprice) AS tp_sum FROM `order` WHERE  (  1=1  and status1=4 and finishtime >= '1588262400' and finishtime <= '1588348799' and aid='29'  ) LIMIT 1 [ RunTime:0.001005s ]
[ sql ] [ SQL ] SELECT SUM(without_price) AS tp_sum FROM `order` WHERE  (  1=1  and status1=4 and finishtime >= '1588262400' and finishtime <= '1588348799' and aid='29'  ) LIMIT 1 [ RunTime:0.000939s ]
[ sql ] [ SQL ] SELECT SUM(within_price) AS tp_sum FROM `order` WHERE  (  1=1  and status1=4 and finishtime >= '1588262400' and finishtime <= '1588348799' and aid='29'  ) LIMIT 1 [ RunTime:0.000932s ]
[ sql ] [ SQL ] SELECT SUM(payprice) AS tp_sum FROM `order` WHERE  (  1=1  and status1=4 and finishtime >= '1588262400' and finishtime <= '1588348799' and aid='29'  and type=2 and status2=3 ) LIMIT 1 [ RunTime:0.001116s ]
[ sql ] [ SQL ] SELECT SUM(without_price) AS tp_sum FROM `order` WHERE  (  1=1  and status1=4 and finishtime >= '1588262400' and finishtime <= '1588348799' and aid='29'  and type=2 and status2=3 ) LIMIT 1 [ RunTime:0.001100s ]
[ sql ] [ SQL ] SELECT SUM(within_price) AS tp_sum FROM `order` WHERE  (  1=1  and status1=4 and finishtime >= '1588262400' and finishtime <= '1588348799' and aid='29'  and type=2 and status2=3 ) LIMIT 1 [ RunTime:0.001095s ]
[ sql ] [ SQL ] SHOW COLUMNS FROM `merchant` [ RunTime:0.000617s ]
[ sql ] [ SQL ] SELECT * FROM `merchant` WHERE  (  1=1  ) ORDER BY id desc [ RunTime:0.000277s ]
[ sql ] [ SQL ] SHOW COLUMNS FROM `shop` [ RunTime:0.000478s ]
[ sql ] [ SQL ] SELECT * FROM `shop` WHERE  (  1=1  ) ORDER BY id desc [ RunTime:0.000193s ]
[ sql ] [ SQL ] SHOW COLUMNS FROM `admin` [ RunTime:0.000534s ]
[ sql ] [ SQL ] SELECT * FROM `admin` WHERE  (  isdel=1 and role_id=2 ) ORDER BY id desc [ RunTime:0.000226s ]
[ sql ] [ SQL ] SELECT * FROM `admin` WHERE  (  isdel=1 and role_id=5 ) ORDER BY id desc [ RunTime:0.000235s ]
[ sql ] [ SQL ] SHOW COLUMNS FROM `config` [ RunTime:0.000542s ]
[ sql ] [ SQL ] SELECT * FROM `config` WHERE  (  1=1  ) LIMIT 1 [ RunTime:0.000201s ]
[ sql ] [ SQL ] SHOW COLUMNS FROM `hongbao` [ RunTime:0.000459s ]
[ sql ] [ SQL ] SELECT SUM(orprice) AS tp_sum FROM `hongbao` WHERE  (  admin_id=29  and intime >= '1588262400' and intime <= '1588348799' ) LIMIT 1 [ RunTime:0.000246s ]
[ sql ] [ SQL ] SELECT `money` FROM `admin` WHERE  (  id=29 ) LIMIT 1 [ RunTime:0.000174s ]
[ sql ] [ SQL ] SHOW COLUMNS FROM `menu` [ RunTime:0.000480s ]
[ sql ] [ SQL ] SELECT * FROM `menu` WHERE  (  1=1 and control='order' and action='lists' ) LIMIT 1 [ RunTime:0.000182s ]
[ sql ] [ SQL ] SELECT * FROM `admin` WHERE  (  1=1 and id='29' ) LIMIT 1 [ RunTime:0.000184s ]
[ sql ] [ SQL ] SELECT COUNT(*) AS tp_count FROM `order` WHERE  (   type=2 and status2=1 and exceptioninfo !='申请下架'  and aid='29' ) LIMIT 1 [ RunTime:0.000956s ]
[ sql ] [ SQL ] SELECT COUNT(*) AS tp_count FROM `order` WHERE  (   type=2 and status2=1 and exceptioninfo ='申请下架'  and aid='29' ) LIMIT 1 [ RunTime:0.000939s ]
[ sql ] [ SQL ] SELECT COUNT(*) AS tp_count FROM `order` WHERE  (   type=3 and status3=1 and exceptioninfo !='申请下架'  and aid='29' ) LIMIT 1 [ RunTime:0.000946s ]
[ sql ] [ SQL ] SELECT COUNT(*) AS tp_count FROM `order` WHERE  (   type in (1,3) and iscomment=2  and aid='29' ) LIMIT 1 [ RunTime:0.000822s ]
[ sql ] [ SQL ] SELECT * FROM `menu` WHERE  (  1=1 and pid=0 ) ORDER BY sort asc,name asc [ RunTime:0.000211s ]
[ sql ] [ SQL ] SELECT * FROM `menu` WHERE  (  1=1 and control='order' and action='lists' ) LIMIT 1 [ RunTime:0.000155s ]
[ sql ] [ SQL ] SELECT * FROM `menu` WHERE  (  1=1 and isshow=1 and pid=1 ) ORDER BY sort asc,name asc [ RunTime:0.000180s ]
[ sql ] [ SQL ] SELECT * FROM `menu` WHERE  (  1=1 and control='order' and action='lists' ) LIMIT 1 [ RunTime:0.000158s ]
[ sql ] [ SQL ] SELECT * FROM `menu` WHERE  (  1=1 and isshow=1 and pid=2 ) ORDER BY sort asc,name asc [ RunTime:0.000193s ]
[ sql ] [ SQL ] SELECT * FROM `menu` WHERE  (  1=1 and control='order' and action='lists' ) LIMIT 1 [ RunTime:0.000153s ]
[ sql ] [ SQL ] SELECT * FROM `menu` WHERE  (  1=1 and isshow=1 and pid=3 ) ORDER BY sort asc,name asc [ RunTime:0.000210s ]
[ sql ] [ SQL ] SELECT * FROM `menu` WHERE  (  1=1 and control='order' and action='lists' ) LIMIT 1 [ RunTime:0.000169s ]
[ sql ] [ SQL ] SELECT * FROM `menu` WHERE  (  1=1 and isshow=1 and pid=4 ) ORDER BY sort asc,name asc [ RunTime:0.000182s ]
[ sql ] [ SQL ] SELECT * FROM `menu` WHERE  (  1=1 and control='order' and action='lists' ) LIMIT 1 [ RunTime:0.000152s ]
[ sql ] [ SQL ] SELECT * FROM `menu` WHERE  (  1=1 and isshow=1 and pid=6 ) ORDER BY sort asc,name asc [ RunTime:0.000193s ]
[ sql ] [ SQL ] SELECT * FROM `menu` WHERE  (  1=1 and control='order' and action='lists' ) LIMIT 1 [ RunTime:0.000152s ]
[ sql ] [ SQL ] SELECT * FROM `menu` WHERE  (  1=1 and isshow=1 and pid=5 ) ORDER BY sort asc,name asc [ RunTime:0.000176s ]
[ sql ] [ SQL ] SHOW COLUMNS FROM `task` [ RunTime:0.000637s ]
[ sql ] [ SQL ] SELECT * FROM `task` WHERE  (  1=1 and id=42 ) ORDER BY id desc LIMIT 1 [ RunTime:0.000285s ]
[ sql ] [ SQL ] SHOW COLUMNS FROM `taskdetail` [ RunTime:0.000604s ]
[ sql ] [ SQL ] SELECT * FROM `taskdetail` WHERE  (  1=1 and id=199 ) ORDER BY id desc LIMIT 1 [ RunTime:0.000236s ]
[ sql ] [ SQL ] SELECT * FROM `shop` WHERE  (  1=1 and id=40 ) ORDER BY id asc LIMIT 1 [ RunTime:0.000161s ]
[ sql ] [ SQL ] SELECT * FROM `hongbao` WHERE  (  1=1  and order_id=3171 ) LIMIT 1 [ RunTime:0.000491s ]
[ sql ] [ SQL ] SELECT * FROM `admin` WHERE  (  1=1 and id=29 ) LIMIT 1 [ RunTime:0.000247s ]
[ sql ] [ SQL ] SELECT * FROM `merchant` WHERE  (  1=1 and id=19 ) LIMIT 1 [ RunTime:0.000182s ]
[ sql ] [ SQL ] SELECT * FROM `admin` WHERE  (  1=1 and id=24 ) LIMIT 1 [ RunTime:0.000176s ]
[ sql ] [ SQL ] SELECT * FROM `task` WHERE  (  1=1 and id=42 ) ORDER BY id desc LIMIT 1 [ RunTime:0.000210s ]
[ sql ] [ SQL ] SELECT * FROM `taskdetail` WHERE  (  1=1 and id=199 ) ORDER BY id desc LIMIT 1 [ RunTime:0.000198s ]
[ sql ] [ SQL ] SELECT * FROM `shop` WHERE  (  1=1 and id=40 ) ORDER BY id asc LIMIT 1 [ RunTime:0.000233s ]
[ sql ] [ SQL ] SELECT * FROM `hongbao` WHERE  (  1=1  and order_id=3172 ) LIMIT 1 [ RunTime:0.000368s ]
[ sql ] [ SQL ] SELECT * FROM `admin` WHERE  (  1=1 and id=29 ) LIMIT 1 [ RunTime:0.000196s ]
[ sql ] [ SQL ] SELECT * FROM `merchant` WHERE  (  1=1 and id=19 ) LIMIT 1 [ RunTime:0.000215s ]
[ sql ] [ SQL ] SELECT * FROM `admin` WHERE  (  1=1 and id=24 ) LIMIT 1 [ RunTime:0.000167s ]
[ sql ] [ SQL ] SELECT * FROM `task` WHERE  (  1=1 and id=41 ) ORDER BY id desc LIMIT 1 [ RunTime:0.000218s ]
[ sql ] [ SQL ] SELECT * FROM `taskdetail` WHERE  (  1=1 and id=185 ) ORDER BY id desc LIMIT 1 [ RunTime:0.000168s ]
[ sql ] [ SQL ] SELECT * FROM `shop` WHERE  (  1=1 and id=40 ) ORDER BY id asc LIMIT 1 [ RunTime:0.000145s ]
[ sql ] [ SQL ] SELECT * FROM `hongbao` WHERE  (  1=1  and order_id=3111 ) LIMIT 1 [ RunTime:0.000372s ]
[ sql ] [ SQL ] SELECT * FROM `admin` WHERE  (  1=1 and id=29 ) LIMIT 1 [ RunTime:0.000165s ]
[ sql ] [ SQL ] SELECT * FROM `merchant` WHERE  (  1=1 and id=19 ) LIMIT 1 [ RunTime:0.000177s ]
[ sql ] [ SQL ] SELECT * FROM `admin` WHERE  (  1=1 and id=24 ) LIMIT 1 [ RunTime:0.000155s ]
[ sql ] [ SQL ] SELECT * FROM `task` WHERE  (  1=1 and id=42 ) ORDER BY id desc LIMIT 1 [ RunTime:0.000199s ]
[ sql ] [ SQL ] SELECT * FROM `taskdetail` WHERE  (  1=1 and id=197 ) ORDER BY id desc LIMIT 1 [ RunTime:0.000208s ]
[ sql ] [ SQL ] SELECT * FROM `shop` WHERE  (  1=1 and id=40 ) ORDER BY id asc LIMIT 1 [ RunTime:0.000132s ]
[ sql ] [ SQL ] SELECT * FROM `hongbao` WHERE  (  1=1  and order_id=3166 ) LIMIT 1 [ RunTime:0.000457s ]
[ sql ] [ SQL ] SELECT * FROM `admin` WHERE  (  1=1 and id=29 ) LIMIT 1 [ RunTime:0.000203s ]
[ sql ] [ SQL ] SELECT * FROM `merchant` WHERE  (  1=1 and id=19 ) LIMIT 1 [ RunTime:0.000168s ]
[ sql ] [ SQL ] SELECT * FROM `admin` WHERE  (  1=1 and id=24 ) LIMIT 1 [ RunTime:0.000182s ]
[ sql ] [ SQL ] SELECT * FROM `task` WHERE  (  1=1 and id=42 ) ORDER BY id desc LIMIT 1 [ RunTime:0.000183s ]
[ sql ] [ SQL ] SELECT * FROM `taskdetail` WHERE  (  1=1 and id=202 ) ORDER BY id desc LIMIT 1 [ RunTime:0.000168s ]
[ sql ] [ SQL ] SELECT * FROM `shop` WHERE  (  1=1 and id=40 ) ORDER BY id asc LIMIT 1 [ RunTime:0.000158s ]
[ sql ] [ SQL ] SELECT * FROM `hongbao` WHERE  (  1=1  and order_id=3177 ) LIMIT 1 [ RunTime:0.000351s ]
[ sql ] [ SQL ] SELECT * FROM `admin` WHERE  (  1=1 and id=29 ) LIMIT 1 [ RunTime:0.000170s ]
[ sql ] [ SQL ] SELECT * FROM `merchant` WHERE  (  1=1 and id=19 ) LIMIT 1 [ RunTime:0.000183s ]
[ sql ] [ SQL ] SELECT * FROM `admin` WHERE  (  1=1 and id=24 ) LIMIT 1 [ RunTime:0.000158s ]
[ sql ] [ SQL ] SELECT * FROM `task` WHERE  (  1=1 and id=42 ) ORDER BY id desc LIMIT 1 [ RunTime:0.000183s ]
[ sql ] [ SQL ] SELECT * FROM `taskdetail` WHERE  (  1=1 and id=201 ) ORDER BY id desc LIMIT 1 [ RunTime:0.000179s ]
[ sql ] [ SQL ] SELECT * FROM `shop` WHERE  (  1=1 and id=40 ) ORDER BY id asc LIMIT 1 [ RunTime:0.000132s ]
[ sql ] [ SQL ] SELECT * FROM `hongbao` WHERE  (  1=1  and order_id=3176 ) LIMIT 1 [ RunTime:0.000412s ]
[ sql ] [ SQL ] SELECT * FROM `admin` WHERE  (  1=1 and id=29 ) LIMIT 1 [ RunTime:0.000187s ]
[ sql ] [ SQL ] SELECT * FROM `merchant` WHERE  (  1=1 and id=19 ) LIMIT 1 [ RunTime:0.000178s ]
[ sql ] [ SQL ] SELECT * FROM `admin` WHERE  (  1=1 and id=24 ) LIMIT 1 [ RunTime:0.000172s ]
[ sql ] [ SQL ] SELECT * FROM `task` WHERE  (  1=1 and id=41 ) ORDER BY id desc LIMIT 1 [ RunTime:0.000183s ]
[ sql ] [ SQL ] SELECT * FROM `taskdetail` WHERE  (  1=1 and id=186 ) ORDER BY id desc LIMIT 1 [ RunTime:0.000172s ]
[ sql ] [ SQL ] SELECT * FROM `shop` WHERE  (  1=1 and id=40 ) ORDER BY id asc LIMIT 1 [ RunTime:0.000149s ]
[ sql ] [ SQL ] SELECT * FROM `hongbao` WHERE  (  1=1  and order_id=3118 ) LIMIT 1 [ RunTime:0.000352s ]
[ sql ] [ SQL ] SELECT * FROM `admin` WHERE  (  1=1 and id=29 ) LIMIT 1 [ RunTime:0.000184s ]
[ sql ] [ SQL ] SELECT * FROM `merchant` WHERE  (  1=1 and id=19 ) LIMIT 1 [ RunTime:0.000165s ]
[ sql ] [ SQL ] SELECT * FROM `admin` WHERE  (  1=1 and id=24 ) LIMIT 1 [ RunTime:0.000164s ]
[ sql ] [ SQL ] SELECT * FROM `task` WHERE  (  1=1 and id=41 ) ORDER BY id desc LIMIT 1 [ RunTime:0.000187s ]
[ sql ] [ SQL ] SELECT * FROM `taskdetail` WHERE  (  1=1 and id=185 ) ORDER BY id desc LIMIT 1 [ RunTime:0.000170s ]
[ sql ] [ SQL ] SELECT * FROM `shop` WHERE  (  1=1 and id=40 ) ORDER BY id asc LIMIT 1 [ RunTime:0.000131s ]
[ sql ] [ SQL ] SELECT * FROM `hongbao` WHERE  (  1=1  and order_id=3110 ) LIMIT 1 [ RunTime:0.000377s ]
[ sql ] [ SQL ] SELECT * FROM `admin` WHERE  (  1=1 and id=29 ) LIMIT 1 [ RunTime:0.000167s ]
[ sql ] [ SQL ] SELECT * FROM `merchant` WHERE  (  1=1 and id=19 ) LIMIT 1 [ RunTime:0.000171s ]
[ sql ] [ SQL ] SELECT * FROM `admin` WHERE  (  1=1 and id=24 ) LIMIT 1 [ RunTime:0.000163s ]
[ sql ] [ SQL ] SELECT * FROM `task` WHERE  (  1=1 and id=42 ) ORDER BY id desc LIMIT 1 [ RunTime:0.000180s ]
[ sql ] [ SQL ] SELECT * FROM `taskdetail` WHERE  (  1=1 and id=196 ) ORDER BY id desc LIMIT 1 [ RunTime:0.000175s ]
[ sql ] [ SQL ] SELECT * FROM `shop` WHERE  (  1=1 and id=40 ) ORDER BY id asc LIMIT 1 [ RunTime:0.000138s ]
[ sql ] [ SQL ] SELECT * FROM `hongbao` WHERE  (  1=1  and order_id=3162 ) LIMIT 1 [ RunTime:0.000362s ]
[ sql ] [ SQL ] SELECT * FROM `admin` WHERE  (  1=1 and id=29 ) LIMIT 1 [ RunTime:0.000163s ]
[ sql ] [ SQL ] SELECT * FROM `merchant` WHERE  (  1=1 and id=19 ) LIMIT 1 [ RunTime:0.000167s ]
[ sql ] [ SQL ] SELECT * FROM `admin` WHERE  (  1=1 and id=24 ) LIMIT 1 [ RunTime:0.000156s ]
[ sql ] [ SQL ] SELECT * FROM `task` WHERE  (  1=1 and id=42 ) ORDER BY id desc LIMIT 1 [ RunTime:0.000182s ]
[ sql ] [ SQL ] SELECT * FROM `taskdetail` WHERE  (  1=1 and id=196 ) ORDER BY id desc LIMIT 1 [ RunTime:0.000174s ]
[ sql ] [ SQL ] SELECT * FROM `shop` WHERE  (  1=1 and id=40 ) ORDER BY id asc LIMIT 1 [ RunTime:0.000133s ]
[ sql ] [ SQL ] SELECT * FROM `hongbao` WHERE  (  1=1  and order_id=3163 ) LIMIT 1 [ RunTime:0.000348s ]
[ sql ] [ SQL ] SELECT * FROM `admin` WHERE  (  1=1 and id=29 ) LIMIT 1 [ RunTime:0.000167s ]
[ sql ] [ SQL ] SELECT * FROM `merchant` WHERE  (  1=1 and id=19 ) LIMIT 1 [ RunTime:0.000165s ]
[ sql ] [ SQL ] SELECT * FROM `admin` WHERE  (  1=1 and id=24 ) LIMIT 1 [ RunTime:0.000158s ]
---------------------------------------------------------------
[ 2020-05-01T23:56:37+08:00 ] 120.239.112.64 GET /home.php/merchant/merchant/login.html
[ info ] b.8861.com/home.php/merchant/merchant/login.html [运行时间：0.016737s][吞吐率：59.75req/s] [内存消耗：2,194.88kb] [文件加载：42]
[ info ] [ LANG ] /www/wwwroot/nouser/thinkphp/lang/zh-cn.php
[ info ] [ ROUTE ] array (
  'type' => 'module',
  'module' => 
  array (
    0 => 'merchant',
    1 => 'merchant',
    2 => 'login',
  ),
)
[ info ] [ HEADER ] array (
  'host' => 'b.8861.com',
  'connection' => 'keep-alive',
  'user-agent' => 'Mozilla/5.0 (Windows NT 6.1; WOW64) AppleWebKit/537.36 (KHTML, like Gecko) Chrome/70.0.3538.25 Safari/537.36 Core/1.70.3722.400 QQBrowser/10.5.3751.400',
  'accept' => 'image/webp,image/apng,image/*,*/*;q=0.8',
  'referer' => 'http://b.8861.com/home.php/admin/order/lists.html?abc=&merchant_id=&shop_name=&task_id=&type=&user_id=&wangwang=&verifycode=&starttime=2020-05-01&lasttime=2020-05-01&startprice=&lastprice=&aid=29&tid=&limit=&page=3',
  'accept-encoding' => 'gzip, deflate',
  'accept-language' => 'zh-CN,zh;q=0.9',
  'cookie' => 'PHPSESSID=84ipvtvfprhegk8rlgeogb0bk4',
)
[ info ] [ PARAM ] array (
)
[ info ] [ RUN ] app\merchant\controller\Merchant->login[ /www/wwwroot/nouser/application/merchant/controller/Merchant.php ]
[ info ] [ VIEW ] ./application/merchant/view/merchant/login.html [ array (
  0 => 'module',
  1 => 'control',
) ]
[ info ] [ LOG ] INIT File
---------------------------------------------------------------
[ 2020-05-01T23:56:43+08:00 ] 120.239.112.64 GET /home.php/admin/order/lists.html?abc=&merchant_id=&shop_name=&task_id=&type=&user_id=&wangwang=&verifycode=&starttime=2020-05-01&lasttime=2020-05-01&startprice=&lastprice=&aid=29&tid=&limit=&page=4
[ info ] b.8861.com/home.php/admin/order/lists.html?abc=&merchant_id=&shop_name=&task_id=&type=&user_id=&wangwang=&verifycode=&starttime=2020-05-01&lasttime=2020-05-01&startprice=&lastprice=&aid=29&tid=&limit=&page=4 [运行时间：0.089570s][吞吐率：11.16req/s] [内存消耗：5,705.64kb] [文件加载：62]
[ info ] [ LANG ] /www/wwwroot/nouser/thinkphp/lang/zh-cn.php
[ info ] [ ROUTE ] array (
  'type' => 'module',
  'module' => 
  array (
    0 => 'admin',
    1 => 'order',
    2 => 'lists',
  ),
)
[ info ] [ HEADER ] array (
  'host' => 'b.8861.com',
  'connection' => 'keep-alive',
  'upgrade-insecure-requests' => '1',
  'user-agent' => 'Mozilla/5.0 (Windows NT 6.1; WOW64) AppleWebKit/537.36 (KHTML, like Gecko) Chrome/70.0.3538.25 Safari/537.36 Core/1.70.3722.400 QQBrowser/10.5.3751.400',
  'accept' => 'text/html,application/xhtml+xml,application/xml;q=0.9,image/webp,image/apng,*/*;q=0.8',
  'referer' => 'http://b.8861.com/home.php/admin/order/lists.html?abc=&merchant_id=&shop_name=&task_id=&type=&user_id=&wangwang=&verifycode=&starttime=2020-05-01&lasttime=2020-05-01&startprice=&lastprice=&aid=29&tid=&limit=&page=3',
  'accept-encoding' => 'gzip, deflate',
  'accept-language' => 'zh-CN,zh;q=0.9',
  'cookie' => 'PHPSESSID=84ipvtvfprhegk8rlgeogb0bk4',
)
[ info ] [ PARAM ] array (
  'abc' => '',
  'merchant_id' => '',
  'shop_name' => '',
  'task_id' => '',
  'type' => '',
  'user_id' => '',
  'wangwang' => '',
  'verifycode' => '',
  'starttime' => '2020-05-01',
  'lasttime' => '2020-05-01',
  'startprice' => '',
  'lastprice' => '',
  'aid' => '29',
  'tid' => '',
  'limit' => '',
  'page' => '4',
)
[ info ] [ RUN ] app\admin\controller\Order->lists[ /www/wwwroot/nouser/application/admin/controller/Order.php ]
[ info ] [ DB ] INIT mysql
[ info ] [ VIEW ] ./application/admin/view/order/lists.html [ array (
  0 => 'page_show',
  1 => 'lists',
  2 => 'total',
  3 => 'todypayprice',
  4 => 'todywithout_price',
  5 => 'todywithin_price',
  6 => 'todyrefund',
  7 => 'todyrefundwithout_price',
  8 => 'todyrefundwithin_price',
  9 => 'merchant_list',
  10 => 'shop_list',
  11 => 'enum_type_arr',
  12 => 'server_list',
  13 => 'teacher_list',
  14 => 'limit',
) ]
[ info ] [ LOG ] INIT File
[ sql ] [ DB ] CONNECT:[ UseTime:0.000296s ] mysql:host=127.0.0.1;port=3306;dbname=nouser;charset=utf8
[ sql ] [ SQL ] SHOW COLUMNS FROM `order` [ RunTime:0.000858s ]
[ sql ] [ SQL ] SELECT COUNT(*) AS tp_count FROM `order` WHERE  (  1=1  and status1=4 and finishtime >= '1588262400' and finishtime <= '1588348799' and aid='29' ) LIMIT 1 [ RunTime:0.001042s ]
[ sql ] [ SQL ] SELECT * FROM `order` WHERE  (  1=1  and status1=4 and finishtime >= '1588262400' and finishtime <= '1588348799' and aid='29' ) ORDER BY finishtime desc,id desc LIMIT 30,10 [ RunTime:0.001406s ]
[ sql ] [ SQL ] SELECT SUM(payprice) AS tp_sum FROM `order` WHERE  (  1=1  and status1=4 and finishtime >= '1588262400' and finishtime <= '1588348799' and aid='29'  ) LIMIT 1 [ RunTime:0.001112s ]
[ sql ] [ SQL ] SELECT SUM(without_price) AS tp_sum FROM `order` WHERE  (  1=1  and status1=4 and finishtime >= '1588262400' and finishtime <= '1588348799' and aid='29'  ) LIMIT 1 [ RunTime:0.000984s ]
[ sql ] [ SQL ] SELECT SUM(within_price) AS tp_sum FROM `order` WHERE  (  1=1  and status1=4 and finishtime >= '1588262400' and finishtime <= '1588348799' and aid='29'  ) LIMIT 1 [ RunTime:0.000939s ]
[ sql ] [ SQL ] SELECT SUM(payprice) AS tp_sum FROM `order` WHERE  (  1=1  and status1=4 and finishtime >= '1588262400' and finishtime <= '1588348799' and aid='29'  and type=2 and status2=3 ) LIMIT 1 [ RunTime:0.001134s ]
[ sql ] [ SQL ] SELECT SUM(without_price) AS tp_sum FROM `order` WHERE  (  1=1  and status1=4 and finishtime >= '1588262400' and finishtime <= '1588348799' and aid='29'  and type=2 and status2=3 ) LIMIT 1 [ RunTime:0.001078s ]
[ sql ] [ SQL ] SELECT SUM(within_price) AS tp_sum FROM `order` WHERE  (  1=1  and status1=4 and finishtime >= '1588262400' and finishtime <= '1588348799' and aid='29'  and type=2 and status2=3 ) LIMIT 1 [ RunTime:0.001075s ]
[ sql ] [ SQL ] SHOW COLUMNS FROM `merchant` [ RunTime:0.000600s ]
[ sql ] [ SQL ] SELECT * FROM `merchant` WHERE  (  1=1  ) ORDER BY id desc [ RunTime:0.000265s ]
[ sql ] [ SQL ] SHOW COLUMNS FROM `shop` [ RunTime:0.000478s ]
[ sql ] [ SQL ] SELECT * FROM `shop` WHERE  (  1=1  ) ORDER BY id desc [ RunTime:0.000182s ]
[ sql ] [ SQL ] SHOW COLUMNS FROM `admin` [ RunTime:0.000543s ]
[ sql ] [ SQL ] SELECT * FROM `admin` WHERE  (  isdel=1 and role_id=2 ) ORDER BY id desc [ RunTime:0.000418s ]
[ sql ] [ SQL ] SELECT * FROM `admin` WHERE  (  isdel=1 and role_id=5 ) ORDER BY id desc [ RunTime:0.000236s ]
[ sql ] [ SQL ] SHOW COLUMNS FROM `config` [ RunTime:0.000560s ]
[ sql ] [ SQL ] SELECT * FROM `config` WHERE  (  1=1  ) LIMIT 1 [ RunTime:0.000194s ]
[ sql ] [ SQL ] SHOW COLUMNS FROM `hongbao` [ RunTime:0.000474s ]
[ sql ] [ SQL ] SELECT SUM(orprice) AS tp_sum FROM `hongbao` WHERE  (  admin_id=29  and intime >= '1588262400' and intime <= '1588348799' ) LIMIT 1 [ RunTime:0.000243s ]
[ sql ] [ SQL ] SELECT `money` FROM `admin` WHERE  (  id=29 ) LIMIT 1 [ RunTime:0.000124s ]
[ sql ] [ SQL ] SHOW COLUMNS FROM `menu` [ RunTime:0.000417s ]
[ sql ] [ SQL ] SELECT * FROM `menu` WHERE  (  1=1 and control='order' and action='lists' ) LIMIT 1 [ RunTime:0.000178s ]
[ sql ] [ SQL ] SELECT * FROM `admin` WHERE  (  1=1 and id='29' ) LIMIT 1 [ RunTime:0.000189s ]
[ sql ] [ SQL ] SELECT COUNT(*) AS tp_count FROM `order` WHERE  (   type=2 and status2=1 and exceptioninfo !='申请下架'  and aid='29' ) LIMIT 1 [ RunTime:0.000933s ]
[ sql ] [ SQL ] SELECT COUNT(*) AS tp_count FROM `order` WHERE  (   type=2 and status2=1 and exceptioninfo ='申请下架'  and aid='29' ) LIMIT 1 [ RunTime:0.000929s ]
[ sql ] [ SQL ] SELECT COUNT(*) AS tp_count FROM `order` WHERE  (   type=3 and status3=1 and exceptioninfo !='申请下架'  and aid='29' ) LIMIT 1 [ RunTime:0.000940s ]
[ sql ] [ SQL ] SELECT COUNT(*) AS tp_count FROM `order` WHERE  (   type in (1,3) and iscomment=2  and aid='29' ) LIMIT 1 [ RunTime:0.000885s ]
[ sql ] [ SQL ] SELECT * FROM `menu` WHERE  (  1=1 and pid=0 ) ORDER BY sort asc,name asc [ RunTime:0.000272s ]
[ sql ] [ SQL ] SELECT * FROM `menu` WHERE  (  1=1 and control='order' and action='lists' ) LIMIT 1 [ RunTime:0.000192s ]
[ sql ] [ SQL ] SELECT * FROM `menu` WHERE  (  1=1 and isshow=1 and pid=1 ) ORDER BY sort asc,name asc [ RunTime:0.000265s ]
[ sql ] [ SQL ] SELECT * FROM `menu` WHERE  (  1=1 and control='order' and action='lists' ) LIMIT 1 [ RunTime:0.000194s ]
[ sql ] [ SQL ] SELECT * FROM `menu` WHERE  (  1=1 and isshow=1 and pid=2 ) ORDER BY sort asc,name asc [ RunTime:0.000238s ]
[ sql ] [ SQL ] SELECT * FROM `menu` WHERE  (  1=1 and control='order' and action='lists' ) LIMIT 1 [ RunTime:0.000191s ]
[ sql ] [ SQL ] SELECT * FROM `menu` WHERE  (  1=1 and isshow=1 and pid=3 ) ORDER BY sort asc,name asc [ RunTime:0.000226s ]
[ sql ] [ SQL ] SELECT * FROM `menu` WHERE  (  1=1 and control='order' and action='lists' ) LIMIT 1 [ RunTime:0.000168s ]
[ sql ] [ SQL ] SELECT * FROM `menu` WHERE  (  1=1 and isshow=1 and pid=4 ) ORDER BY sort asc,name asc [ RunTime:0.000187s ]
[ sql ] [ SQL ] SELECT * FROM `menu` WHERE  (  1=1 and control='order' and action='lists' ) LIMIT 1 [ RunTime:0.000165s ]
[ sql ] [ SQL ] SELECT * FROM `menu` WHERE  (  1=1 and isshow=1 and pid=6 ) ORDER BY sort asc,name asc [ RunTime:0.000182s ]
[ sql ] [ SQL ] SELECT * FROM `menu` WHERE  (  1=1 and control='order' and action='lists' ) LIMIT 1 [ RunTime:0.000152s ]
[ sql ] [ SQL ] SELECT * FROM `menu` WHERE  (  1=1 and isshow=1 and pid=5 ) ORDER BY sort asc,name asc [ RunTime:0.000192s ]
[ sql ] [ SQL ] SHOW COLUMNS FROM `task` [ RunTime:0.000618s ]
[ sql ] [ SQL ] SELECT * FROM `task` WHERE  (  1=1 and id=42 ) ORDER BY id desc LIMIT 1 [ RunTime:0.000230s ]
[ sql ] [ SQL ] SHOW COLUMNS FROM `taskdetail` [ RunTime:0.000551s ]
[ sql ] [ SQL ] SELECT * FROM `taskdetail` WHERE  (  1=1 and id=197 ) ORDER BY id desc LIMIT 1 [ RunTime:0.000202s ]
[ sql ] [ SQL ] SELECT * FROM `shop` WHERE  (  1=1 and id=40 ) ORDER BY id asc LIMIT 1 [ RunTime:0.000147s ]
[ sql ] [ SQL ] SELECT * FROM `hongbao` WHERE  (  1=1  and order_id=3165 ) LIMIT 1 [ RunTime:0.000421s ]
[ sql ] [ SQL ] SELECT * FROM `admin` WHERE  (  1=1 and id=29 ) LIMIT 1 [ RunTime:0.000186s ]
[ sql ] [ SQL ] SELECT * FROM `merchant` WHERE  (  1=1 and id=19 ) LIMIT 1 [ RunTime:0.000189s ]
[ sql ] [ SQL ] SELECT * FROM `admin` WHERE  (  1=1 and id=24 ) LIMIT 1 [ RunTime:0.000247s ]
[ sql ] [ SQL ] SELECT * FROM `task` WHERE  (  1=1 and id=42 ) ORDER BY id desc LIMIT 1 [ RunTime:0.000220s ]
[ sql ] [ SQL ] SELECT * FROM `taskdetail` WHERE  (  1=1 and id=198 ) ORDER BY id desc LIMIT 1 [ RunTime:0.000199s ]
[ sql ] [ SQL ] SELECT * FROM `shop` WHERE  (  1=1 and id=40 ) ORDER BY id asc LIMIT 1 [ RunTime:0.000147s ]
[ sql ] [ SQL ] SELECT * FROM `hongbao` WHERE  (  1=1  and order_id=3168 ) LIMIT 1 [ RunTime:0.000402s ]
[ sql ] [ SQL ] SELECT * FROM `admin` WHERE  (  1=1 and id=29 ) LIMIT 1 [ RunTime:0.000178s ]
[ sql ] [ SQL ] SELECT * FROM `merchant` WHERE  (  1=1 and id=19 ) LIMIT 1 [ RunTime:0.000187s ]
[ sql ] [ SQL ] SELECT * FROM `admin` WHERE  (  1=1 and id=24 ) LIMIT 1 [ RunTime:0.000246s ]
[ sql ] [ SQL ] SELECT * FROM `task` WHERE  (  1=1 and id=40 ) ORDER BY id desc LIMIT 1 [ RunTime:0.000300s ]
[ sql ] [ SQL ] SELECT * FROM `taskdetail` WHERE  (  1=1 and id=182 ) ORDER BY id desc LIMIT 1 [ RunTime:0.000262s ]
[ sql ] [ SQL ] SELECT * FROM `shop` WHERE  (  1=1 and id=34 ) ORDER BY id asc LIMIT 1 [ RunTime:0.000231s ]
[ sql ] [ SQL ] SELECT * FROM `hongbao` WHERE  (  1=1  and order_id=3098 ) LIMIT 1 [ RunTime:0.000414s ]
[ sql ] [ SQL ] SELECT * FROM `admin` WHERE  (  1=1 and id=29 ) LIMIT 1 [ RunTime:0.000202s ]
[ sql ] [ SQL ] SELECT * FROM `merchant` WHERE  (  1=1 and id=15 ) LIMIT 1 [ RunTime:0.000193s ]
[ sql ] [ SQL ] SELECT * FROM `admin` WHERE  (  1=1 and id=23 ) LIMIT 1 [ RunTime:0.000209s ]
[ sql ] [ SQL ] SELECT * FROM `task` WHERE  (  1=1 and id=41 ) ORDER BY id desc LIMIT 1 [ RunTime:0.000282s ]
[ sql ] [ SQL ] SELECT * FROM `taskdetail` WHERE  (  1=1 and id=186 ) ORDER BY id desc LIMIT 1 [ RunTime:0.000209s ]
[ sql ] [ SQL ] SELECT * FROM `shop` WHERE  (  1=1 and id=40 ) ORDER BY id asc LIMIT 1 [ RunTime:0.000255s ]
[ sql ] [ SQL ] SELECT * FROM `hongbao` WHERE  (  1=1  and order_id=3117 ) LIMIT 1 [ RunTime:0.000377s ]
[ sql ] [ SQL ] SELECT * FROM `admin` WHERE  (  1=1 and id=29 ) LIMIT 1 [ RunTime:0.000210s ]
[ sql ] [ SQL ] SELECT * FROM `merchant` WHERE  (  1=1 and id=19 ) LIMIT 1 [ RunTime:0.000189s ]
[ sql ] [ SQL ] SELECT * FROM `admin` WHERE  (  1=1 and id=24 ) LIMIT 1 [ RunTime:0.000160s ]
[ sql ] [ SQL ] SELECT * FROM `task` WHERE  (  1=1 and id=41 ) ORDER BY id desc LIMIT 1 [ RunTime:0.000190s ]
[ sql ] [ SQL ] SELECT * FROM `taskdetail` WHERE  (  1=1 and id=185 ) ORDER BY id desc LIMIT 1 [ RunTime:0.000172s ]
[ sql ] [ SQL ] SELECT * FROM `shop` WHERE  (  1=1 and id=40 ) ORDER BY id asc LIMIT 1 [ RunTime:0.000172s ]
[ sql ] [ SQL ] SELECT * FROM `hongbao` WHERE  (  1=1  and order_id=3109 ) LIMIT 1 [ RunTime:0.000391s ]
[ sql ] [ SQL ] SELECT * FROM `admin` WHERE  (  1=1 and id=29 ) LIMIT 1 [ RunTime:0.000168s ]
[ sql ] [ SQL ] SELECT * FROM `merchant` WHERE  (  1=1 and id=19 ) LIMIT 1 [ RunTime:0.000177s ]
[ sql ] [ SQL ] SELECT * FROM `admin` WHERE  (  1=1 and id=24 ) LIMIT 1 [ RunTime:0.000168s ]
[ sql ] [ SQL ] SELECT * FROM `task` WHERE  (  1=1 and id=41 ) ORDER BY id desc LIMIT 1 [ RunTime:0.000222s ]
[ sql ] [ SQL ] SELECT * FROM `taskdetail` WHERE  (  1=1 and id=185 ) ORDER BY id desc LIMIT 1 [ RunTime:0.000207s ]
[ sql ] [ SQL ] SELECT * FROM `shop` WHERE  (  1=1 and id=40 ) ORDER BY id asc LIMIT 1 [ RunTime:0.000161s ]
[ sql ] [ SQL ] SELECT * FROM `hongbao` WHERE  (  1=1  and order_id=3108 ) LIMIT 1 [ RunTime:0.000428s ]
[ sql ] [ SQL ] SELECT * FROM `admin` WHERE  (  1=1 and id=29 ) LIMIT 1 [ RunTime:0.000206s ]
[ sql ] [ SQL ] SELECT * FROM `merchant` WHERE  (  1=1 and id=19 ) LIMIT 1 [ RunTime:0.000199s ]
[ sql ] [ SQL ] SELECT * FROM `admin` WHERE  (  1=1 and id=24 ) LIMIT 1 [ RunTime:0.000180s ]
[ sql ] [ SQL ] SELECT * FROM `task` WHERE  (  1=1 and id=40 ) ORDER BY id desc LIMIT 1 [ RunTime:0.000212s ]
[ sql ] [ SQL ] SELECT * FROM `taskdetail` WHERE  (  1=1 and id=181 ) ORDER BY id desc LIMIT 1 [ RunTime:0.000177s ]
[ sql ] [ SQL ] SELECT * FROM `shop` WHERE  (  1=1 and id=34 ) ORDER BY id asc LIMIT 1 [ RunTime:0.000149s ]
[ sql ] [ SQL ] SELECT * FROM `hongbao` WHERE  (  1=1  and order_id=3097 ) LIMIT 1 [ RunTime:0.000398s ]
[ sql ] [ SQL ] SELECT * FROM `admin` WHERE  (  1=1 and id=29 ) LIMIT 1 [ RunTime:0.000171s ]
[ sql ] [ SQL ] SELECT * FROM `merchant` WHERE  (  1=1 and id=15 ) LIMIT 1 [ RunTime:0.000170s ]
[ sql ] [ SQL ] SELECT * FROM `admin` WHERE  (  1=1 and id=23 ) LIMIT 1 [ RunTime:0.000155s ]
[ sql ] [ SQL ] SELECT * FROM `task` WHERE  (  1=1 and id=41 ) ORDER BY id desc LIMIT 1 [ RunTime:0.000188s ]
[ sql ] [ SQL ] SELECT * FROM `taskdetail` WHERE  (  1=1 and id=186 ) ORDER BY id desc LIMIT 1 [ RunTime:0.000180s ]
[ sql ] [ SQL ] SELECT * FROM `shop` WHERE  (  1=1 and id=40 ) ORDER BY id asc LIMIT 1 [ RunTime:0.000135s ]
[ sql ] [ SQL ] SELECT * FROM `hongbao` WHERE  (  1=1  and order_id=3116 ) LIMIT 1 [ RunTime:0.000355s ]
[ sql ] [ SQL ] SELECT * FROM `admin` WHERE  (  1=1 and id=29 ) LIMIT 1 [ RunTime:0.000173s ]
[ sql ] [ SQL ] SELECT * FROM `merchant` WHERE  (  1=1 and id=19 ) LIMIT 1 [ RunTime:0.000157s ]
[ sql ] [ SQL ] SELECT * FROM `admin` WHERE  (  1=1 and id=24 ) LIMIT 1 [ RunTime:0.000155s ]
[ sql ] [ SQL ] SELECT * FROM `task` WHERE  (  1=1 and id=40 ) ORDER BY id desc LIMIT 1 [ RunTime:0.000296s ]
[ sql ] [ SQL ] SELECT * FROM `taskdetail` WHERE  (  1=1 and id=180 ) ORDER BY id desc LIMIT 1 [ RunTime:0.000220s ]
[ sql ] [ SQL ] SELECT * FROM `shop` WHERE  (  1=1 and id=34 ) ORDER BY id asc LIMIT 1 [ RunTime:0.000143s ]
[ sql ] [ SQL ] SELECT * FROM `hongbao` WHERE  (  1=1  and order_id=3096 ) LIMIT 1 [ RunTime:0.000358s ]
[ sql ] [ SQL ] SELECT * FROM `admin` WHERE  (  1=1 and id=29 ) LIMIT 1 [ RunTime:0.000171s ]
[ sql ] [ SQL ] SELECT * FROM `merchant` WHERE  (  1=1 and id=15 ) LIMIT 1 [ RunTime:0.000166s ]
[ sql ] [ SQL ] SELECT * FROM `admin` WHERE  (  1=1 and id=23 ) LIMIT 1 [ RunTime:0.000223s ]
---------------------------------------------------------------
[ 2020-05-01T23:56:44+08:00 ] 120.239.112.64 GET /home.php/merchant/merchant/login.html
[ info ] b.8861.com/home.php/merchant/merchant/login.html [运行时间：0.016840s][吞吐率：59.38req/s] [内存消耗：2,194.88kb] [文件加载：42]
[ info ] [ LANG ] /www/wwwroot/nouser/thinkphp/lang/zh-cn.php
[ info ] [ ROUTE ] array (
  'type' => 'module',
  'module' => 
  array (
    0 => 'merchant',
    1 => 'merchant',
    2 => 'login',
  ),
)
[ info ] [ HEADER ] array (
  'host' => 'b.8861.com',
  'connection' => 'keep-alive',
  'user-agent' => 'Mozilla/5.0 (Windows NT 6.1; WOW64) AppleWebKit/537.36 (KHTML, like Gecko) Chrome/70.0.3538.25 Safari/537.36 Core/1.70.3722.400 QQBrowser/10.5.3751.400',
  'accept' => 'image/webp,image/apng,image/*,*/*;q=0.8',
  'referer' => 'http://b.8861.com/home.php/admin/order/lists.html?abc=&merchant_id=&shop_name=&task_id=&type=&user_id=&wangwang=&verifycode=&starttime=2020-05-01&lasttime=2020-05-01&startprice=&lastprice=&aid=29&tid=&limit=&page=4',
  'accept-encoding' => 'gzip, deflate',
  'accept-language' => 'zh-CN,zh;q=0.9',
  'cookie' => 'PHPSESSID=84ipvtvfprhegk8rlgeogb0bk4',
)
[ info ] [ PARAM ] array (
)
[ info ] [ RUN ] app\merchant\controller\Merchant->login[ /www/wwwroot/nouser/application/merchant/controller/Merchant.php ]
[ info ] [ VIEW ] ./application/merchant/view/merchant/login.html [ array (
  0 => 'module',
  1 => 'control',
) ]
[ info ] [ LOG ] INIT File
---------------------------------------------------------------
[ 2020-05-01T23:58:02+08:00 ] 39.100.2.104 GET /home.php/commang/Index/refund
[ info ] b.8861.com/home.php/commang/Index/refund [运行时间：0.024833s][吞吐率：40.27req/s] [内存消耗：3,649.45kb] [文件加载：50]
[ info ] [ LANG ] /www/wwwroot/nouser/thinkphp/lang/zh-cn.php
[ info ] [ ROUTE ] array (
  'type' => 'module',
  'module' => 
  array (
    0 => 'commang',
    1 => 'Index',
    2 => 'refund',
  ),
)
[ info ] [ HEADER ] array (
  'user-agent' => 'curl/7.29.0',
  'host' => 'b.8861.com',
  'accept' => '*/*',
)
[ info ] [ PARAM ] array (
)
[ info ] [ RUN ] app\commang\controller\Index->refund[ /www/wwwroot/nouser/application/commang/controller/Index.php ]
[ info ] [ DB ] INIT mysql
[ info ] [ LOG ] INIT File
[ sql ] [ DB ] CONNECT:[ UseTime:0.000310s ] mysql:host=127.0.0.1;port=3306;dbname=nouser;charset=utf8
[ sql ] [ SQL ] SHOW COLUMNS FROM `merchant` [ RunTime:0.000703s ]
[ sql ] [ SQL ] SELECT * FROM `merchant` WHERE  (  1=1 and loans_money >0 ) ORDER BY id desc [ RunTime:0.000517s ]
---------------------------------------------------------------
[ 2020-05-01T23:59:12+08:00 ] 117.136.55.84 GET /home.php/merchant/merchant/login.html
[ info ] www.8861.com/home.php/merchant/merchant/login.html [运行时间：0.016358s][吞吐率：61.13req/s] [内存消耗：2,194.12kb] [文件加载：42]
[ info ] [ LANG ] /www/wwwroot/nouser/thinkphp/lang/zh-cn.php
[ info ] [ ROUTE ] array (
  'type' => 'module',
  'module' => 
  array (
    0 => 'merchant',
    1 => 'merchant',
    2 => 'login',
  ),
)
[ info ] [ HEADER ] array (
  'accept' => 'text/html,application/xhtml+xml,application/xml;q=0.9,image/webp,image/apng,image/sharpp,image/apng,image/tpg,*/*;q=0.8',
  'accept-encoding' => 'gzip',
  'accept-language' => 'zh-CN,zh-CN;q=0.9,en-US;q=0.8',
  'connection' => 'close',
  'host' => 'www.8861.com',
  'q-qimei' => 'bb7bac8cd6995622',
  'upgrade-insecure-requests' => '1',
  'user-agent' => 'Mozilla/5.0 (Linux; U; Android 9; zh-cn; HMA-AL00 Build/HUAWEIHMA-AL00) AppleWebKit/537.36 (KHTML, like Gecko) Version/4.0 Chrome/66.0.3359.126 MQQBrowser/10.2 Mobile Safari/537.36',
  'x-forwarded-for' => '117.136.55.84',
  'x-forwarded-for-pound' => '117.136.55.84',
)
[ info ] [ PARAM ] array (
)
[ info ] [ RUN ] app\merchant\controller\Merchant->login[ /www/wwwroot/nouser/application/merchant/controller/Merchant.php ]
[ info ] [ VIEW ] ./application/merchant/view/merchant/login.html [ array (
  0 => 'module',
  1 => 'control',
) ]
[ info ] [ LOG ] INIT File
---------------------------------------------------------------
[ 2020-05-01T23:59:12+08:00 ] 117.136.55.84 GET /home.php/merchant/merchant/Index-VerifyCode.png
[ info ] www.8861.com/home.php/merchant/merchant/Index-VerifyCode.png [运行时间：0.015897s][吞吐率：62.90req/s] [内存消耗：2,201.09kb] [文件加载：43]
[ info ] [ LANG ] /www/wwwroot/nouser/thinkphp/lang/zh-cn.php
[ info ] [ ROUTE ] array (
  'type' => 'module',
  'module' => 
  array (
    0 => 'merchant',
    1 => 'merchant',
    2 => 'Index-VerifyCode.png',
  ),
)
[ info ] [ HEADER ] array (
  'accept' => 'image/webp,image/sharpp,image/apng,image/tpg,image/*,*/*;q=0.8',
  'accept-encoding' => 'gzip, deflate,qzip',
  'accept-language' => 'zh-CN,zh-CN;q=0.9,en-US;q=0.8',
  'cookie' => 'PHPSESSID=v2s7m3drpbjslvoc83h4rejsa5',
  'host' => 'www.8861.com',
  'q-qimei' => 'bb7bac8cd6995622',
  'referer' => 'http://www.8861.com/home.php/merchant/merchant/login.html',
  'user-agent' => 'Mozilla/5.0 (Linux; U; Android 9; zh-cn; HMA-AL00 Build/HUAWEIHMA-AL00) AppleWebKit/537.36 (KHTML, like Gecko) Version/4.0 Chrome/66.0.3359.126 MQQBrowser/10.2 Mobile Safari/537.36',
  'x-forwarded-for' => '117.136.55.84',
  'x-forwarded-for-pound' => '117.136.55.84',
)
[ info ] [ PARAM ] array (
)
[ info ] [ VIEW ] /www/wwwroot/nouser/thinkphp/tpl/dispatch_jump.tpl [ array (
  0 => 'code',
  1 => 'msg',
  2 => 'data',
  3 => 'url',
  4 => 'wait',
) ]
[ info ] [ LOG ] INIT File
---------------------------------------------------------------
[ 2020-05-01T23:59:13+08:00 ] 117.136.55.84 GET /home.php/merchant/merchant/Index-VerifyCode.png
[ info ] www.8861.com/home.php/merchant/merchant/Index-VerifyCode.png [运行时间：0.016145s][吞吐率：61.94req/s] [内存消耗：2,201.09kb] [文件加载：43]
[ info ] [ LANG ] /www/wwwroot/nouser/thinkphp/lang/zh-cn.php
[ info ] [ ROUTE ] array (
  'type' => 'module',
  'module' => 
  array (
    0 => 'merchant',
    1 => 'merchant',
    2 => 'Index-VerifyCode.png',
  ),
)
[ info ] [ HEADER ] array (
  'accept' => 'image/webp,image/sharpp,image/apng,image/tpg,image/*,*/*;q=0.8',
  'accept-encoding' => 'gzip, deflate,qzip',
  'accept-language' => 'zh-CN,zh-CN;q=0.9,en-US;q=0.8',
  'cookie' => 'PHPSESSID=v2s7m3drpbjslvoc83h4rejsa5',
  'host' => 'www.8861.com',
  'q-qimei' => 'bb7bac8cd6995622',
  'referer' => 'http://www.8861.com/home.php/merchant/merchant/login.html',
  'user-agent' => 'Mozilla/5.0 (Linux; U; Android 9; zh-cn; HMA-AL00 Build/HUAWEIHMA-AL00) AppleWebKit/537.36 (KHTML, like Gecko) Version/4.0 Chrome/66.0.3359.126 MQQBrowser/10.2 Mobile Safari/537.36',
  'x-forwarded-for' => '117.136.55.84',
  'x-forwarded-for-pound' => '117.136.55.84',
)
[ info ] [ PARAM ] array (
)
[ info ] [ VIEW ] /www/wwwroot/nouser/thinkphp/tpl/dispatch_jump.tpl [ array (
  0 => 'code',
  1 => 'msg',
  2 => 'data',
  3 => 'url',
  4 => 'wait',
) ]
[ info ] [ LOG ] INIT File
---------------------------------------------------------------
[ 2020-05-01T23:59:13+08:00 ] 117.136.55.84 POST /home.php/merchant/merchant/mydatetime.html
[ info ] www.8861.com/home.php/merchant/merchant/mydatetime.html [运行时间：0.015370s][吞吐率：65.06req/s] [内存消耗：2,208.12kb] [文件加载：43]
[ info ] [ LANG ] /www/wwwroot/nouser/thinkphp/lang/zh-cn.php
[ info ] [ ROUTE ] array (
  'type' => 'module',
  'module' => 
  array (
    0 => 'merchant',
    1 => 'merchant',
    2 => 'mydatetime',
  ),
)
[ info ] [ HEADER ] array (
  'accept' => '*/*',
  'accept-encoding' => 'gzip',
  'accept-language' => 'zh-CN,zh-CN;q=0.9,en-US;q=0.8',
  'connection' => 'close',
  'cookie' => 'PHPSESSID=v2s7m3drpbjslvoc83h4rejsa5',
  'host' => 'www.8861.com',
  'origin' => 'http://www.8861.com',
  'q-qimei' => 'bb7bac8cd6995622',
  'referer' => 'http://www.8861.com/home.php/merchant/merchant/login.html',
  'user-agent' => 'Mozilla/5.0 (Linux; U; Android 9; zh-cn; HMA-AL00 Build/HUAWEIHMA-AL00) AppleWebKit/537.36 (KHTML, like Gecko) Version/4.0 Chrome/66.0.3359.126 MQQBrowser/10.2 Mobile Safari/537.36',
  'x-forwarded-for' => '117.136.55.84',
  'x-forwarded-for-pound' => '117.136.55.84',
  'x-requested-with' => 'XMLHttpRequest',
  'content-type' => 'application/x-www-form-urlencoded; charset=UTF-8',
  'content-length' => '7',
)
[ info ] [ PARAM ] array (
  'mytime' => '',
)
[ info ] [ LOG ] INIT File
