---------------------------------------------------------------
[ 2020-04-16T11:16:14+08:00 ] 47.101.189.46 GET /home.php/merchant/merchant/login.html
[ info ] 8861.uuyu.com/home.php/merchant/merchant/login.html [运行时间：0.030987s][吞吐率：32.27req/s] [内存消耗：3,672.18kb] [文件加载：51]
[ info ] [ LANG ] /www/wwwroot/nouser/thinkphp/lang/zh-cn.php
[ info ] [ ROUTE ] array (
  'type' => 'module',
  'module' => 
  array (
    0 => 'merchant',
    1 => 'merchant',
    2 => 'login',
  ),
)
[ info ] [ HEADER ] array (
  'user-agent' => 'Mozilla/5.0 (X11; Ubuntu; Linux x86_64; rv:36.0) Gecko/20100101 Firefox/36.0',
  'host' => '8861.uuyu.com',
  'connection' => 'Keep-Alive',
  'accept-encoding' => 'gzip',
)
[ info ] [ PARAM ] array (
)
[ info ] [ RUN ] app\merchant\controller\Merchant->login[ /www/wwwroot/nouser/application/merchant/controller/Merchant.php ]
[ info ] [ VIEW ] ./application/merchant/view/merchant/login.html [ array (
  0 => 'module',
  1 => 'control',
) ]
[ info ] [ DB ] INIT mysql
[ info ] [ LOG ] INIT File
[ sql ] [ DB ] CONNECT:[ UseTime:0.000369s ] mysql:host=127.0.0.1;port=3306;dbname=nouser;charset=utf8
[ sql ] [ SQL ] SHOW COLUMNS FROM `config` [ RunTime:0.001212s ]
[ sql ] [ SQL ] SELECT * FROM `config` WHERE  (  1=1  ) LIMIT 1 [ RunTime:0.000390s ]
---------------------------------------------------------------
[ 2020-04-16T11:16:14+08:00 ] 47.101.189.46 GET /home.php/merchant/merchant/index.html
[ info ] 8861.uuyu.com/home.php/merchant/merchant/index.html [运行时间：0.020300s][吞吐率：49.26req/s] [内存消耗：2,194.80kb] [文件加载：43]
[ info ] [ LANG ] /www/wwwroot/nouser/thinkphp/lang/zh-cn.php
[ info ] [ ROUTE ] array (
  'type' => 'module',
  'module' => 
  array (
    0 => 'merchant',
    1 => 'merchant',
    2 => 'index',
  ),
)
[ info ] [ HEADER ] array (
  'user-agent' => 'Mozilla/5.0 (X11; Ubuntu; Linux x86_64; rv:36.0) Gecko/20100101 Firefox/36.0',
  'host' => '8861.uuyu.com',
  'connection' => 'Keep-Alive',
  'accept-encoding' => 'gzip',
)
[ info ] [ PARAM ] array (
)
[ info ] [ VIEW ] /www/wwwroot/nouser/thinkphp/tpl/dispatch_jump.tpl [ array (
  0 => 'code',
  1 => 'msg',
  2 => 'data',
  3 => 'url',
  4 => 'wait',
) ]
[ info ] [ LOG ] INIT File
---------------------------------------------------------------
[ 2020-04-16T13:17:58+08:00 ] 49.210.181.81 GET /home.php/merchant/merchant/login.html
[ info ] 8861.uuyu.com/home.php/merchant/merchant/login.html [运行时间：0.029593s][吞吐率：33.79req/s] [内存消耗：3,673.16kb] [文件加载：51]
[ info ] [ LANG ] /www/wwwroot/nouser/thinkphp/lang/zh-cn.php
[ info ] [ ROUTE ] array (
  'type' => 'module',
  'module' => 
  array (
    0 => 'merchant',
    1 => 'merchant',
    2 => 'login',
  ),
)
[ info ] [ HEADER ] array (
  'host' => '8861.uuyu.com',
  'connection' => 'keep-alive',
  'upgrade-insecure-requests' => '1',
  'user-agent' => 'Mozilla/5.0 (Windows NT 6.1; WOW64) AppleWebKit/537.36 (KHTML, like Gecko) Chrome/69.0.3497.100 Safari/537.36',
  'accept' => 'text/html,application/xhtml+xml,application/xml;q=0.9,image/webp,image/apng,*/*;q=0.8',
  'accept-encoding' => 'gzip, deflate',
  'accept-language' => 'zh-CN,zh;q=0.9',
)
[ info ] [ PARAM ] array (
)
[ info ] [ RUN ] app\merchant\controller\Merchant->login[ /www/wwwroot/nouser/application/merchant/controller/Merchant.php ]
[ info ] [ VIEW ] ./application/merchant/view/merchant/login.html [ array (
  0 => 'module',
  1 => 'control',
) ]
[ info ] [ DB ] INIT mysql
[ info ] [ LOG ] INIT File
[ sql ] [ DB ] CONNECT:[ UseTime:0.000312s ] mysql:host=127.0.0.1;port=3306;dbname=nouser;charset=utf8
[ sql ] [ SQL ] SHOW COLUMNS FROM `config` [ RunTime:0.000834s ]
[ sql ] [ SQL ] SELECT * FROM `config` WHERE  (  1=1  ) LIMIT 1 [ RunTime:0.000385s ]
---------------------------------------------------------------
[ 2020-04-16T13:18:06+08:00 ] 180.163.220.66 GET /home.php/merchant/merchant/login.html
[ info ] 8861.uuyu.com/home.php/merchant/merchant/login.html [运行时间：0.029166s][吞吐率：34.29req/s] [内存消耗：3,674.21kb] [文件加载：51]
[ info ] [ LANG ] /www/wwwroot/nouser/thinkphp/lang/zh-cn.php
[ info ] [ ROUTE ] array (
  'type' => 'module',
  'module' => 
  array (
    0 => 'merchant',
    1 => 'merchant',
    2 => 'login',
  ),
)
[ info ] [ HEADER ] array (
  'host' => '8861.uuyu.com',
  'connection' => 'keep-alive',
  'pragma' => 'no-cache',
  'cache-control' => 'no-cache',
  'upgrade-insecure-requests' => '1',
  'user-agent' => 'Mozilla/5.0 (Linux; U; Android 8.1.0; zh-CN; EML-AL00 Build/HUAWEIEML-AL00) AppleWebKit/537.36 (KHTML, like Gecko) Version/4.0 Chrome/57.0.2987.108 baidu.sogo.uc.UCBrowser/11.9.4.974 UWS/2.13.1.48 Mobile Safari/537.36 AliApp(DingTalk/4.5.11) com.alibaba.android.rimet/10487439 Channel/227200 language/zh-CN',
  'accept' => 'text/html,application/xhtml+xml,application/xml;q=0.9,image/webp,image/apng,*/*;q=0.8',
  'referer' => 'http://baidu.com/',
  'accept-encoding' => 'gzip, deflate',
)
[ info ] [ PARAM ] array (
)
[ info ] [ RUN ] app\merchant\controller\Merchant->login[ /www/wwwroot/nouser/application/merchant/controller/Merchant.php ]
[ info ] [ VIEW ] ./application/merchant/view/merchant/login.html [ array (
  0 => 'module',
  1 => 'control',
) ]
[ info ] [ DB ] INIT mysql
[ info ] [ LOG ] INIT File
[ sql ] [ DB ] CONNECT:[ UseTime:0.000473s ] mysql:host=127.0.0.1;port=3306;dbname=nouser;charset=utf8
[ sql ] [ SQL ] SHOW COLUMNS FROM `config` [ RunTime:0.000856s ]
[ sql ] [ SQL ] SELECT * FROM `config` WHERE  (  1=1  ) LIMIT 1 [ RunTime:0.000382s ]
---------------------------------------------------------------
[ 2020-04-16T13:18:44+08:00 ] 49.210.181.81 GET /home.php/admin/
[ info ] 8861.uuyu.com/home.php/admin/ [运行时间：0.016723s][吞吐率：59.80req/s] [内存消耗：1,810.23kb] [文件加载：38]
[ info ] [ LANG ] /www/wwwroot/nouser/thinkphp/lang/zh-cn.php
[ info ] [ ROUTE ] array (
  'type' => 'module',
  'module' => 
  array (
    0 => 'admin',
    1 => NULL,
    2 => NULL,
  ),
)
[ info ] [ HEADER ] array (
  'accept' => 'text/html, application/xhtml+xml, */*',
  'accept-language' => 'zh-CN',
  'user-agent' => 'Mozilla/5.0 (compatible; MSIE 10.0; Windows NT 6.1; WOW64; Trident/6.0)',
  'accept-encoding' => 'gzip, deflate',
  'host' => '8861.uuyu.com',
  'dnt' => '1',
  'connection' => 'Keep-Alive',
  'cookie' => 'PHPSESSID=9tfm6scfrddqa3u38dv08pa1o6',
)
[ info ] [ PARAM ] array (
)
[ info ] [ LOG ] INIT File
---------------------------------------------------------------
[ 2020-04-16T13:18:47+08:00 ] 49.210.181.81 GET /home.php/admin/
[ info ] 8861.uuyu.com/home.php/admin/ [运行时间：0.017677s][吞吐率：56.57req/s] [内存消耗：1,810.23kb] [文件加载：38]
[ info ] [ LANG ] /www/wwwroot/nouser/thinkphp/lang/zh-cn.php
[ info ] [ ROUTE ] array (
  'type' => 'module',
  'module' => 
  array (
    0 => 'admin',
    1 => NULL,
    2 => NULL,
  ),
)
[ info ] [ HEADER ] array (
  'accept' => 'text/html, application/xhtml+xml, */*',
  'accept-language' => 'zh-CN',
  'user-agent' => 'Mozilla/5.0 (compatible; MSIE 10.0; Windows NT 6.1; WOW64; Trident/6.0)',
  'accept-encoding' => 'gzip, deflate',
  'host' => '8861.uuyu.com',
  'dnt' => '1',
  'connection' => 'Keep-Alive',
  'cookie' => 'PHPSESSID=9tfm6scfrddqa3u38dv08pa1o6',
)
[ info ] [ PARAM ] array (
)
[ info ] [ LOG ] INIT File
---------------------------------------------------------------
[ 2020-04-16T13:18:54+08:00 ] 27.115.124.6 GET /home.php/admin
[ info ] 8861.uuyu.com/home.php/admin [运行时间：0.015619s][吞吐率：64.02req/s] [内存消耗：1,811.32kb] [文件加载：38]
[ info ] [ LANG ] /www/wwwroot/nouser/thinkphp/lang/zh-cn.php
[ info ] [ ROUTE ] array (
  'type' => 'module',
  'module' => 
  array (
    0 => 'admin',
    1 => NULL,
    2 => NULL,
  ),
)
[ info ] [ HEADER ] array (
  'host' => '8861.uuyu.com',
  'connection' => 'keep-alive',
  'pragma' => 'no-cache',
  'cache-control' => 'no-cache',
  'upgrade-insecure-requests' => '1',
  'user-agent' => 'Mozilla/5.0 (Linux; U; Android 8.1.0; zh-CN; EML-AL00 Build/HUAWEIEML-AL00) AppleWebKit/537.36 (KHTML, like Gecko) Version/4.0 Chrome/57.0.2987.108 baidu.sogo.uc.UCBrowser/11.9.4.974 UWS/2.13.1.48 Mobile Safari/537.36 AliApp(DingTalk/4.5.11) com.alibaba.android.rimet/10487439 Channel/227200 language/zh-CN',
  'accept' => 'text/html,application/xhtml+xml,application/xml;q=0.9,image/webp,image/apng,*/*;q=0.8',
  'referer' => 'http://baidu.com/',
  'accept-encoding' => 'gzip, deflate',
)
[ info ] [ PARAM ] array (
)
[ info ] [ LOG ] INIT File
---------------------------------------------------------------
[ 2020-04-16T13:19:10+08:00 ] 180.163.220.66 GET /home.php/admin
[ info ] 8861.uuyu.com/home.php/admin [运行时间：0.019709s][吞吐率：50.74req/s] [内存消耗：1,810.41kb] [文件加载：38]
[ info ] [ LANG ] /www/wwwroot/nouser/thinkphp/lang/zh-cn.php
[ info ] [ ROUTE ] array (
  'type' => 'module',
  'module' => 
  array (
    0 => 'admin',
    1 => NULL,
    2 => NULL,
  ),
)
[ info ] [ HEADER ] array (
  'host' => '8861.uuyu.com',
  'connection' => 'keep-alive',
  'user-agent' => 'Mozilla/5.0 (Linux; U; Android 8.1.0; zh-CN; EML-AL00 Build/HUAWEIEML-AL00) AppleWebKit/537.36 (KHTML, like Gecko) Version/4.0 Chrome/57.0.2987.108 baidu.sogo.uc.UCBrowser/11.9.4.974 UWS/2.13.1.48 Mobile Safari/537.36 AliApp(DingTalk/4.5.11) com.alibaba.android.rimet/10487439 Channel/227200 language/zh-CN',
  'upgrade-insecure-requests' => '1',
  'accept' => 'text/html,application/xhtml+xml,application/xml;q=0.9,image/webp,image/apng,*/*;q=0.8',
  'accept-encoding' => 'gzip, deflate',
)
[ info ] [ PARAM ] array (
)
[ info ] [ LOG ] INIT File
---------------------------------------------------------------
[ 2020-04-16T13:19:11+08:00 ] 180.163.220.5 GET /home.php/admin
[ info ] 8861.uuyu.com/home.php/admin [运行时间：0.015583s][吞吐率：64.17req/s] [内存消耗：1,811.32kb] [文件加载：38]
[ info ] [ LANG ] /www/wwwroot/nouser/thinkphp/lang/zh-cn.php
[ info ] [ ROUTE ] array (
  'type' => 'module',
  'module' => 
  array (
    0 => 'admin',
    1 => NULL,
    2 => NULL,
  ),
)
[ info ] [ HEADER ] array (
  'host' => '8861.uuyu.com',
  'connection' => 'keep-alive',
  'pragma' => 'no-cache',
  'cache-control' => 'no-cache',
  'upgrade-insecure-requests' => '1',
  'user-agent' => 'Mozilla/5.0 (Linux; U; Android 8.1.0; zh-CN; EML-AL00 Build/HUAWEIEML-AL00) AppleWebKit/537.36 (KHTML, like Gecko) Version/4.0 Chrome/57.0.2987.108 baidu.sogo.uc.UCBrowser/11.9.4.974 UWS/2.13.1.48 Mobile Safari/537.36 AliApp(DingTalk/4.5.11) com.alibaba.android.rimet/10487439 Channel/227200 language/zh-CN',
  'accept' => 'text/html,application/xhtml+xml,application/xml;q=0.9,image/webp,image/apng,*/*;q=0.8',
  'referer' => 'http://baidu.com/',
  'accept-encoding' => 'gzip, deflate',
)
[ info ] [ PARAM ] array (
)
[ info ] [ LOG ] INIT File
---------------------------------------------------------------
[ 2020-04-16T13:50:09+08:00 ] 219.134.150.45 GET /home.php/admin/admin/lists
[ info ] 8861.uuyu.com/home.php/admin/admin/lists [运行时间：0.017051s][吞吐率：58.65req/s] [内存消耗：2,248.02kb] [文件加载：43]
[ info ] [ LANG ] /www/wwwroot/nouser/thinkphp/lang/zh-cn.php
[ info ] [ ROUTE ] array (
  'type' => 'module',
  'module' => 
  array (
    0 => 'admin',
    1 => 'admin',
    2 => 'lists',
  ),
)
[ info ] [ HEADER ] array (
  'host' => '8861.uuyu.com',
  'connection' => 'keep-alive',
  'upgrade-insecure-requests' => '1',
  'user-agent' => 'Mozilla/5.0 (Windows NT 6.1; WOW64) AppleWebKit/537.36 (KHTML, like Gecko) Chrome/75.0.3770.100 Safari/537.36',
  'accept' => 'text/html,application/xhtml+xml,application/xml;q=0.9,image/webp,image/apng,*/*;q=0.8,application/signed-exchange;v=b3',
  'accept-encoding' => 'gzip, deflate',
  'accept-language' => 'zh-CN,zh;q=0.9',
  'cookie' => 'rmbUser=true; admin_name=admin; password=admin',
)
[ info ] [ PARAM ] array (
)
[ info ] [ VIEW ] /www/wwwroot/nouser/thinkphp/tpl/dispatch_jump.tpl [ array (
  0 => 'code',
  1 => 'msg',
  2 => 'data',
  3 => 'url',
  4 => 'wait',
) ]
[ info ] [ LOG ] INIT File
---------------------------------------------------------------
[ 2020-04-16T13:50:12+08:00 ] 219.134.150.45 GET /home.php/admin/admin/login.html
[ info ] 8861.uuyu.com/home.php/admin/admin/login.html [运行时间：0.027244s][吞吐率：36.71req/s] [内存消耗：3,725.28kb] [文件加载：51]
[ info ] [ LANG ] /www/wwwroot/nouser/thinkphp/lang/zh-cn.php
[ info ] [ ROUTE ] array (
  'type' => 'module',
  'module' => 
  array (
    0 => 'admin',
    1 => 'admin',
    2 => 'login',
  ),
)
[ info ] [ HEADER ] array (
  'host' => '8861.uuyu.com',
  'connection' => 'keep-alive',
  'upgrade-insecure-requests' => '1',
  'user-agent' => 'Mozilla/5.0 (Windows NT 6.1; WOW64) AppleWebKit/537.36 (KHTML, like Gecko) Chrome/75.0.3770.100 Safari/537.36',
  'accept' => 'text/html,application/xhtml+xml,application/xml;q=0.9,image/webp,image/apng,*/*;q=0.8,application/signed-exchange;v=b3',
  'referer' => 'http://8861.uuyu.com/home.php/admin/admin/lists',
  'accept-encoding' => 'gzip, deflate',
  'accept-language' => 'zh-CN,zh;q=0.9',
  'cookie' => 'rmbUser=true; admin_name=admin; password=admin; PHPSESSID=ak42ndru6p2j3fj8l51b9g49d5',
)
[ info ] [ PARAM ] array (
)
[ info ] [ RUN ] app\admin\controller\Admin->login[ /www/wwwroot/nouser/application/admin/controller/Admin.php ]
[ info ] [ VIEW ] ./application/admin/view/admin/login.html [ array (
  0 => 'module',
  1 => 'control',
) ]
[ info ] [ DB ] INIT mysql
[ info ] [ LOG ] INIT File
[ sql ] [ DB ] CONNECT:[ UseTime:0.000329s ] mysql:host=127.0.0.1;port=3306;dbname=nouser;charset=utf8
[ sql ] [ SQL ] SHOW COLUMNS FROM `config` [ RunTime:0.000845s ]
[ sql ] [ SQL ] SELECT * FROM `config` WHERE  (  1=1  ) LIMIT 1 [ RunTime:0.000358s ]
---------------------------------------------------------------
[ 2020-04-16T14:06:18+08:00 ] 219.134.150.45 POST /home.php/admin/admin/act_login.html
[ info ] 8861.uuyu.com/home.php/admin/admin/act_login.html [运行时间：0.028447s][吞吐率：35.15req/s] [内存消耗：3,770.37kb] [文件加载：51]
[ info ] [ LANG ] /www/wwwroot/nouser/thinkphp/lang/zh-cn.php
[ info ] [ ROUTE ] array (
  'type' => 'module',
  'module' => 
  array (
    0 => 'admin',
    1 => 'admin',
    2 => 'act_login',
  ),
)
[ info ] [ HEADER ] array (
  'host' => '8861.uuyu.com',
  'connection' => 'keep-alive',
  'accept' => 'text/plain, */*; q=0.01',
  'origin' => 'http://8861.uuyu.com',
  'x-requested-with' => 'XMLHttpRequest',
  'user-agent' => 'Mozilla/5.0 (Windows NT 6.1; WOW64) AppleWebKit/537.36 (KHTML, like Gecko) Chrome/75.0.3770.100 Safari/537.36',
  'referer' => 'http://8861.uuyu.com/home.php/admin/admin/login.html',
  'accept-encoding' => 'gzip, deflate',
  'accept-language' => 'zh-CN,zh;q=0.9',
  'cookie' => 'rmbUser=true; admin_name=admin; password=admin; PHPSESSID=ak42ndru6p2j3fj8l51b9g49d5',
  'content-type' => 'application/x-www-form-urlencoded; charset=UTF-8',
  'content-length' => '31',
)
[ info ] [ PARAM ] array (
  'admin_name' => 'admin',
  'password' => 'admin',
)
[ info ] [ RUN ] app\admin\controller\Admin->act_login[ /www/wwwroot/nouser/application/admin/controller/Admin.php ]
[ info ] [ DB ] INIT mysql
[ info ] [ LOG ] INIT File
[ sql ] [ DB ] CONNECT:[ UseTime:0.000303s ] mysql:host=127.0.0.1;port=3306;dbname=nouser;charset=utf8
[ sql ] [ SQL ] SHOW COLUMNS FROM `admin` [ RunTime:0.000766s ]
[ sql ] [ SQL ] SELECT * FROM `admin` WHERE  (  1=1 and admin_name='admin' and password='21232f297a57a5a743894a0e4a801fc3' ) LIMIT 1 [ RunTime:0.000417s ]
---------------------------------------------------------------
[ 2020-04-16T14:06:18+08:00 ] 219.134.150.45 GET /home.php/admin/admin/index.html
[ info ] 8861.uuyu.com/home.php/admin/admin/index.html [运行时间：0.124782s][吞吐率：8.01req/s] [内存消耗：4,673.90kb] [文件加载：59]
[ info ] [ LANG ] /www/wwwroot/nouser/thinkphp/lang/zh-cn.php
[ info ] [ ROUTE ] array (
  'type' => 'module',
  'module' => 
  array (
    0 => 'admin',
    1 => 'admin',
    2 => 'index',
  ),
)
[ info ] [ HEADER ] array (
  'host' => '8861.uuyu.com',
  'connection' => 'keep-alive',
  'upgrade-insecure-requests' => '1',
  'user-agent' => 'Mozilla/5.0 (Windows NT 6.1; WOW64) AppleWebKit/537.36 (KHTML, like Gecko) Chrome/75.0.3770.100 Safari/537.36',
  'accept' => 'text/html,application/xhtml+xml,application/xml;q=0.9,image/webp,image/apng,*/*;q=0.8,application/signed-exchange;v=b3',
  'referer' => 'http://8861.uuyu.com/home.php/admin/admin/login.html',
  'accept-encoding' => 'gzip, deflate',
  'accept-language' => 'zh-CN,zh;q=0.9',
  'cookie' => 'rmbUser=true; admin_name=admin; password=admin; PHPSESSID=ak42ndru6p2j3fj8l51b9g49d5',
)
[ info ] [ PARAM ] array (
)
[ info ] [ RUN ] app\admin\controller\Admin->index[ /www/wwwroot/nouser/application/admin/controller/Admin.php ]
[ info ] [ DB ] INIT mysql
[ info ] [ LOG ] INIT File
[ sql ] [ DB ] CONNECT:[ UseTime:0.000328s ] mysql:host=127.0.0.1;port=3306;dbname=nouser;charset=utf8
[ sql ] [ SQL ] SHOW COLUMNS FROM `task` [ RunTime:0.000849s ]
[ sql ] [ SQL ] SELECT COUNT(*) AS tp_count FROM `task` WHERE  (  1=1  and intime >= '1586966400' and intime <= '1587052799' and status=2 ) LIMIT 1 [ RunTime:0.000876s ]
[ sql ] [ SQL ] SHOW COLUMNS FROM `order` [ RunTime:0.000890s ]
[ sql ] [ SQL ] SELECT COUNT(*) AS tp_count FROM `order` `a` INNER JOIN `task` `b` ON `b`.`id`=`a`.`task_id` WHERE  (  1=1  and a.intime>=1586966400 and a.intime<=1587052799 and b.status in(3,6,7) and a.status1 in(1,2,3,4) and a.worktype=1 ) LIMIT 1 [ RunTime:0.012925s ]
[ sql ] [ SQL ] SELECT COUNT(*) AS tp_count FROM `order` `a` INNER JOIN `task` `b` ON `b`.`id`=`a`.`task_id` WHERE  (  1=1  and a.intime>=1586966400 and a.intime<=1587052799 and b.status=7 and a.status1 in(1,2) and a.worktype=1 ) LIMIT 1 [ RunTime:0.012277s ]
[ sql ] [ SQL ] SELECT COUNT(*) AS tp_count FROM `order` WHERE  (  1=1  and intime >= '1586966400' and intime <= '1587052799' and worktype=2 ) LIMIT 1 [ RunTime:0.009835s ]
[ sql ] [ SQL ] SELECT COUNT(*) AS tp_count FROM `order` WHERE  (  1=1  and intime >= '1586966400' and intime <= '1587052799' and type=1 and status1=4 ) LIMIT 1 [ RunTime:0.011118s ]
[ sql ] [ SQL ] SELECT COUNT(*) AS tp_count FROM `order` WHERE  (  1=1  and intime >= '1586966400' and intime <= '1587052799' and type=1 and status1=2 ) LIMIT 1 [ RunTime:0.010334s ]
[ sql ] [ SQL ] SELECT COUNT(*) AS tp_count FROM `order` WHERE  (  1=1  and intime >= '1586966400' and intime <= '1587052799' and type=1 and status1=3 ) LIMIT 1 [ RunTime:0.011093s ]
[ sql ] [ SQL ] SELECT COUNT(*) AS tp_count FROM `order` WHERE  (  1=1  and intime >= '1586966400' and intime <= '1587052799' and type in(2,3) ) LIMIT 1 [ RunTime:0.010029s ]
[ sql ] [ SQL ] SHOW COLUMNS FROM `usercash` [ RunTime:0.002017s ]
[ sql ] [ SQL ] SELECT SUM(money) AS tp_sum FROM `usercash` WHERE  (  1=1  and intime >= '1586966400' and intime <= '1587052799' and status =2 ) LIMIT 1 [ RunTime:0.000507s ]
[ sql ] [ SQL ] SHOW COLUMNS FROM `admincash` [ RunTime:0.000620s ]
[ sql ] [ SQL ] SELECT SUM(money) AS tp_sum FROM `admincash` WHERE  (  1=1  and intime >= '1586966400' and intime <= '1587052799' and status=2 ) LIMIT 1 [ RunTime:0.000265s ]
[ error ] [10501]SQLSTATE[42S02]: Base table or view not found: 1146 Table 'nouser.hongbao' doesn't exist[/www/wwwroot/nouser/thinkphp/library/think/db/Connection.php:388]
---------------------------------------------------------------
[ 2020-04-16T14:07:39+08:00 ] 219.134.150.45 GET /home.php/admin/admin/index.html
[ info ] 8861.uuyu.com/home.php/admin/admin/index.html [运行时间：0.115030s][吞吐率：8.69req/s] [内存消耗：4,673.90kb] [文件加载：59]
[ info ] [ LANG ] /www/wwwroot/nouser/thinkphp/lang/zh-cn.php
[ info ] [ ROUTE ] array (
  'type' => 'module',
  'module' => 
  array (
    0 => 'admin',
    1 => 'admin',
    2 => 'index',
  ),
)
[ info ] [ HEADER ] array (
  'host' => '8861.uuyu.com',
  'connection' => 'keep-alive',
  'upgrade-insecure-requests' => '1',
  'user-agent' => 'Mozilla/5.0 (Windows NT 6.1; WOW64) AppleWebKit/537.36 (KHTML, like Gecko) Chrome/75.0.3770.100 Safari/537.36',
  'accept' => 'text/html,application/xhtml+xml,application/xml;q=0.9,image/webp,image/apng,*/*;q=0.8,application/signed-exchange;v=b3',
  'referer' => 'http://8861.uuyu.com/home.php/admin/admin/login.html',
  'accept-encoding' => 'gzip, deflate',
  'accept-language' => 'zh-CN,zh;q=0.9',
  'cookie' => 'rmbUser=true; admin_name=admin; password=admin; PHPSESSID=ak42ndru6p2j3fj8l51b9g49d5',
)
[ info ] [ PARAM ] array (
)
[ info ] [ RUN ] app\admin\controller\Admin->index[ /www/wwwroot/nouser/application/admin/controller/Admin.php ]
[ info ] [ DB ] INIT mysql
[ info ] [ LOG ] INIT File
[ sql ] [ DB ] CONNECT:[ UseTime:0.000318s ] mysql:host=127.0.0.1;port=3306;dbname=nouser;charset=utf8
[ sql ] [ SQL ] SHOW COLUMNS FROM `task` [ RunTime:0.001931s ]
[ sql ] [ SQL ] SELECT COUNT(*) AS tp_count FROM `task` WHERE  (  1=1  and intime >= '1586966400' and intime <= '1587052799' and status=2 ) LIMIT 1 [ RunTime:0.000849s ]
[ sql ] [ SQL ] SHOW COLUMNS FROM `order` [ RunTime:0.000840s ]
[ sql ] [ SQL ] SELECT COUNT(*) AS tp_count FROM `order` `a` INNER JOIN `task` `b` ON `b`.`id`=`a`.`task_id` WHERE  (  1=1  and a.intime>=1586966400 and a.intime<=1587052799 and b.status in(3,6,7) and a.status1 in(1,2,3,4) and a.worktype=1 ) LIMIT 1 [ RunTime:0.011148s ]
[ sql ] [ SQL ] SELECT COUNT(*) AS tp_count FROM `order` `a` INNER JOIN `task` `b` ON `b`.`id`=`a`.`task_id` WHERE  (  1=1  and a.intime>=1586966400 and a.intime<=1587052799 and b.status=7 and a.status1 in(1,2) and a.worktype=1 ) LIMIT 1 [ RunTime:0.011108s ]
[ sql ] [ SQL ] SELECT COUNT(*) AS tp_count FROM `order` WHERE  (  1=1  and intime >= '1586966400' and intime <= '1587052799' and worktype=2 ) LIMIT 1 [ RunTime:0.009107s ]
[ sql ] [ SQL ] SELECT COUNT(*) AS tp_count FROM `order` WHERE  (  1=1  and intime >= '1586966400' and intime <= '1587052799' and type=1 and status1=4 ) LIMIT 1 [ RunTime:0.010770s ]
[ sql ] [ SQL ] SELECT COUNT(*) AS tp_count FROM `order` WHERE  (  1=1  and intime >= '1586966400' and intime <= '1587052799' and type=1 and status1=2 ) LIMIT 1 [ RunTime:0.009852s ]
[ sql ] [ SQL ] SELECT COUNT(*) AS tp_count FROM `order` WHERE  (  1=1  and intime >= '1586966400' and intime <= '1587052799' and type=1 and status1=3 ) LIMIT 1 [ RunTime:0.009722s ]
[ sql ] [ SQL ] SELECT COUNT(*) AS tp_count FROM `order` WHERE  (  1=1  and intime >= '1586966400' and intime <= '1587052799' and type in(2,3) ) LIMIT 1 [ RunTime:0.009039s ]
[ sql ] [ SQL ] SHOW COLUMNS FROM `usercash` [ RunTime:0.000810s ]
[ sql ] [ SQL ] SELECT SUM(money) AS tp_sum FROM `usercash` WHERE  (  1=1  and intime >= '1586966400' and intime <= '1587052799' and status =2 ) LIMIT 1 [ RunTime:0.000503s ]
[ sql ] [ SQL ] SHOW COLUMNS FROM `admincash` [ RunTime:0.000633s ]
[ sql ] [ SQL ] SELECT SUM(money) AS tp_sum FROM `admincash` WHERE  (  1=1  and intime >= '1586966400' and intime <= '1587052799' and status=2 ) LIMIT 1 [ RunTime:0.000252s ]
[ error ] [10501]SQLSTATE[42S02]: Base table or view not found: 1146 Table 'nouser.hongbao' doesn't exist[/www/wwwroot/nouser/thinkphp/library/think/db/Connection.php:388]
---------------------------------------------------------------
[ 2020-04-16T14:42:07+08:00 ] 49.210.181.81 GET /home.php/admin/
[ info ] 8861.uuyu.com/home.php/admin/ [运行时间：0.018915s][吞吐率：52.87req/s] [内存消耗：1,810.23kb] [文件加载：38]
[ info ] [ LANG ] /www/wwwroot/nouser/thinkphp/lang/zh-cn.php
[ info ] [ ROUTE ] array (
  'type' => 'module',
  'module' => 
  array (
    0 => 'admin',
    1 => NULL,
    2 => NULL,
  ),
)
[ info ] [ HEADER ] array (
  'accept' => 'text/html, application/xhtml+xml, */*',
  'accept-language' => 'zh-CN',
  'user-agent' => 'Mozilla/5.0 (compatible; MSIE 10.0; Windows NT 6.1; WOW64; Trident/6.0)',
  'accept-encoding' => 'gzip, deflate',
  'host' => '8861.uuyu.com',
  'dnt' => '1',
  'connection' => 'Keep-Alive',
  'cookie' => 'PHPSESSID=9tfm6scfrddqa3u38dv08pa1o6',
)
[ info ] [ PARAM ] array (
)
[ info ] [ LOG ] INIT File
---------------------------------------------------------------
[ 2020-04-16T15:27:58+08:00 ] 49.210.181.81 GET /home.php/admin/
[ info ] 8861.uuyu.com/home.php/admin/ [运行时间：0.015697s][吞吐率：63.71req/s] [内存消耗：1,810.23kb] [文件加载：38]
[ info ] [ LANG ] /www/wwwroot/nouser/thinkphp/lang/zh-cn.php
[ info ] [ ROUTE ] array (
  'type' => 'module',
  'module' => 
  array (
    0 => 'admin',
    1 => NULL,
    2 => NULL,
  ),
)
[ info ] [ HEADER ] array (
  'accept' => 'text/html, application/xhtml+xml, */*',
  'accept-language' => 'zh-CN',
  'user-agent' => 'Mozilla/5.0 (compatible; MSIE 10.0; Windows NT 6.1; WOW64; Trident/6.0)',
  'accept-encoding' => 'gzip, deflate',
  'host' => '8861.uuyu.com',
  'dnt' => '1',
  'connection' => 'Keep-Alive',
  'cookie' => 'PHPSESSID=9tfm6scfrddqa3u38dv08pa1o6',
)
[ info ] [ PARAM ] array (
)
[ info ] [ LOG ] INIT File
---------------------------------------------------------------
[ 2020-04-16T16:05:47+08:00 ] 106.15.201.111 GET /home.php/merchant/merchant/login.html
[ info ] 8861.uuyu.com/home.php/merchant/merchant/login.html [运行时间：0.028998s][吞吐率：34.49req/s] [内存消耗：3,672.59kb] [文件加载：51]
[ info ] [ LANG ] /www/wwwroot/nouser/thinkphp/lang/zh-cn.php
[ info ] [ ROUTE ] array (
  'type' => 'module',
  'module' => 
  array (
    0 => 'merchant',
    1 => 'merchant',
    2 => 'login',
  ),
)
[ info ] [ HEADER ] array (
  'user-agent' => 'Mozilla/5.0 chrome(windows nt/Windows NT;)Chrome',
  'host' => '8861.uuyu.com',
  'connection' => 'Keep-Alive',
  'accept-encoding' => 'gzip',
)
[ info ] [ PARAM ] array (
)
[ info ] [ RUN ] app\merchant\controller\Merchant->login[ /www/wwwroot/nouser/application/merchant/controller/Merchant.php ]
[ info ] [ VIEW ] ./application/merchant/view/merchant/login.html [ array (
  0 => 'module',
  1 => 'control',
) ]
[ info ] [ DB ] INIT mysql
[ info ] [ LOG ] INIT File
[ sql ] [ DB ] CONNECT:[ UseTime:0.000313s ] mysql:host=127.0.0.1;port=3306;dbname=nouser;charset=utf8
[ sql ] [ SQL ] SHOW COLUMNS FROM `config` [ RunTime:0.000917s ]
[ sql ] [ SQL ] SELECT * FROM `config` WHERE  (  1=1  ) LIMIT 1 [ RunTime:0.000438s ]
---------------------------------------------------------------
[ 2020-04-16T16:05:48+08:00 ] 106.15.201.111 GET /home.php/merchant/merchant/index.html
[ info ] 8861.uuyu.com/home.php/merchant/merchant/index.html [运行时间：0.017312s][吞吐率：57.76req/s] [内存消耗：2,195.15kb] [文件加载：43]
[ info ] [ LANG ] /www/wwwroot/nouser/thinkphp/lang/zh-cn.php
[ info ] [ ROUTE ] array (
  'type' => 'module',
  'module' => 
  array (
    0 => 'merchant',
    1 => 'merchant',
    2 => 'index',
  ),
)
[ info ] [ HEADER ] array (
  'user-agent' => 'Mozilla/5.0 chrome(windows nt/Windows NT;)Chrome',
  'host' => '8861.uuyu.com',
  'connection' => 'Keep-Alive',
  'accept-encoding' => 'gzip',
)
[ info ] [ PARAM ] array (
)
[ info ] [ VIEW ] /www/wwwroot/nouser/thinkphp/tpl/dispatch_jump.tpl [ array (
  0 => 'code',
  1 => 'msg',
  2 => 'data',
  3 => 'url',
  4 => 'wait',
) ]
[ info ] [ LOG ] INIT File
---------------------------------------------------------------
[ 2020-04-16T16:45:26+08:00 ] 219.134.150.45 GET /home.php/admin/admin/index.html
[ info ] 8861.uuyu.com/home.php/admin/admin/index.html [运行时间：0.137319s][吞吐率：7.28req/s] [内存消耗：4,673.90kb] [文件加载：59]
[ info ] [ LANG ] /www/wwwroot/nouser/thinkphp/lang/zh-cn.php
[ info ] [ ROUTE ] array (
  'type' => 'module',
  'module' => 
  array (
    0 => 'admin',
    1 => 'admin',
    2 => 'index',
  ),
)
[ info ] [ HEADER ] array (
  'host' => '8861.uuyu.com',
  'connection' => 'keep-alive',
  'upgrade-insecure-requests' => '1',
  'user-agent' => 'Mozilla/5.0 (Windows NT 6.1; WOW64) AppleWebKit/537.36 (KHTML, like Gecko) Chrome/75.0.3770.100 Safari/537.36',
  'accept' => 'text/html,application/xhtml+xml,application/xml;q=0.9,image/webp,image/apng,*/*;q=0.8,application/signed-exchange;v=b3',
  'referer' => 'http://8861.uuyu.com/home.php/admin/admin/login.html',
  'accept-encoding' => 'gzip, deflate',
  'accept-language' => 'zh-CN,zh;q=0.9',
  'cookie' => 'rmbUser=true; admin_name=admin; password=admin; PHPSESSID=ak42ndru6p2j3fj8l51b9g49d5',
)
[ info ] [ PARAM ] array (
)
[ info ] [ RUN ] app\admin\controller\Admin->index[ /www/wwwroot/nouser/application/admin/controller/Admin.php ]
[ info ] [ DB ] INIT mysql
[ info ] [ LOG ] INIT File
[ sql ] [ DB ] CONNECT:[ UseTime:0.000349s ] mysql:host=127.0.0.1;port=3306;dbname=nouser;charset=utf8
[ sql ] [ SQL ] SHOW COLUMNS FROM `task` [ RunTime:0.001020s ]
[ sql ] [ SQL ] SELECT COUNT(*) AS tp_count FROM `task` WHERE  (  1=1  and intime >= '1586966400' and intime <= '1587052799' and status=2 ) LIMIT 1 [ RunTime:0.001045s ]
[ sql ] [ SQL ] SHOW COLUMNS FROM `order` [ RunTime:0.001017s ]
[ sql ] [ SQL ] SELECT COUNT(*) AS tp_count FROM `order` `a` INNER JOIN `task` `b` ON `b`.`id`=`a`.`task_id` WHERE  (  1=1  and a.intime>=1586966400 and a.intime<=1587052799 and b.status in(3,6,7) and a.status1 in(1,2,3,4) and a.worktype=1 ) LIMIT 1 [ RunTime:0.014570s ]
[ sql ] [ SQL ] SELECT COUNT(*) AS tp_count FROM `order` `a` INNER JOIN `task` `b` ON `b`.`id`=`a`.`task_id` WHERE  (  1=1  and a.intime>=1586966400 and a.intime<=1587052799 and b.status=7 and a.status1 in(1,2) and a.worktype=1 ) LIMIT 1 [ RunTime:0.014470s ]
[ sql ] [ SQL ] SELECT COUNT(*) AS tp_count FROM `order` WHERE  (  1=1  and intime >= '1586966400' and intime <= '1587052799' and worktype=2 ) LIMIT 1 [ RunTime:0.011869s ]
[ sql ] [ SQL ] SELECT COUNT(*) AS tp_count FROM `order` WHERE  (  1=1  and intime >= '1586966400' and intime <= '1587052799' and type=1 and status1=4 ) LIMIT 1 [ RunTime:0.014489s ]
[ sql ] [ SQL ] SELECT COUNT(*) AS tp_count FROM `order` WHERE  (  1=1  and intime >= '1586966400' and intime <= '1587052799' and type=1 and status1=2 ) LIMIT 1 [ RunTime:0.014781s ]
[ sql ] [ SQL ] SELECT COUNT(*) AS tp_count FROM `order` WHERE  (  1=1  and intime >= '1586966400' and intime <= '1587052799' and type=1 and status1=3 ) LIMIT 1 [ RunTime:0.010804s ]
[ sql ] [ SQL ] SELECT COUNT(*) AS tp_count FROM `order` WHERE  (  1=1  and intime >= '1586966400' and intime <= '1587052799' and type in(2,3) ) LIMIT 1 [ RunTime:0.010525s ]
[ sql ] [ SQL ] SHOW COLUMNS FROM `usercash` [ RunTime:0.000835s ]
[ sql ] [ SQL ] SELECT SUM(money) AS tp_sum FROM `usercash` WHERE  (  1=1  and intime >= '1586966400' and intime <= '1587052799' and status =2 ) LIMIT 1 [ RunTime:0.000524s ]
[ sql ] [ SQL ] SHOW COLUMNS FROM `admincash` [ RunTime:0.000629s ]
[ sql ] [ SQL ] SELECT SUM(money) AS tp_sum FROM `admincash` WHERE  (  1=1  and intime >= '1586966400' and intime <= '1587052799' and status=2 ) LIMIT 1 [ RunTime:0.000247s ]
[ error ] [10501]SQLSTATE[42S02]: Base table or view not found: 1146 Table 'nouser.hongbao' doesn't exist[/www/wwwroot/nouser/thinkphp/library/think/db/Connection.php:388]
---------------------------------------------------------------
[ 2020-04-16T18:31:54+08:00 ] 49.210.181.81 GET /home.php/admin/
[ info ] 8861.uuyu.com/home.php/admin/ [运行时间：0.016320s][吞吐率：61.27req/s] [内存消耗：1,810.23kb] [文件加载：38]
[ info ] [ LANG ] /www/wwwroot/nouser/thinkphp/lang/zh-cn.php
[ info ] [ ROUTE ] array (
  'type' => 'module',
  'module' => 
  array (
    0 => 'admin',
    1 => NULL,
    2 => NULL,
  ),
)
[ info ] [ HEADER ] array (
  'accept' => 'text/html, application/xhtml+xml, */*',
  'accept-language' => 'zh-CN',
  'user-agent' => 'Mozilla/5.0 (compatible; MSIE 10.0; Windows NT 6.1; WOW64; Trident/6.0)',
  'accept-encoding' => 'gzip, deflate',
  'host' => '8861.uuyu.com',
  'dnt' => '1',
  'connection' => 'Keep-Alive',
  'cookie' => 'PHPSESSID=9tfm6scfrddqa3u38dv08pa1o6',
)
[ info ] [ PARAM ] array (
)
[ info ] [ LOG ] INIT File
---------------------------------------------------------------
[ 2020-04-16T20:11:02+08:00 ] 49.210.181.81 GET /home.php/admin/
[ info ] 8861.uuyu.com/home.php/admin/ [运行时间：0.016942s][吞吐率：59.02req/s] [内存消耗：1,810.23kb] [文件加载：38]
[ info ] [ LANG ] /www/wwwroot/nouser/thinkphp/lang/zh-cn.php
[ info ] [ ROUTE ] array (
  'type' => 'module',
  'module' => 
  array (
    0 => 'admin',
    1 => NULL,
    2 => NULL,
  ),
)
[ info ] [ HEADER ] array (
  'accept' => 'text/html, application/xhtml+xml, */*',
  'accept-language' => 'zh-CN',
  'user-agent' => 'Mozilla/5.0 (compatible; MSIE 10.0; Windows NT 6.1; WOW64; Trident/6.0)',
  'accept-encoding' => 'gzip, deflate',
  'host' => '8861.uuyu.com',
  'dnt' => '1',
  'connection' => 'Keep-Alive',
  'cookie' => 'PHPSESSID=9tfm6scfrddqa3u38dv08pa1o6',
)
[ info ] [ PARAM ] array (
)
[ info ] [ LOG ] INIT File
---------------------------------------------------------------
[ 2020-04-16T21:05:54+08:00 ] 49.210.181.81 GET /home.php/admin/
[ info ] 8861.uuyu.com/home.php/admin/ [运行时间：0.016785s][吞吐率：59.58req/s] [内存消耗：1,810.23kb] [文件加载：38]
[ info ] [ LANG ] /www/wwwroot/nouser/thinkphp/lang/zh-cn.php
[ info ] [ ROUTE ] array (
  'type' => 'module',
  'module' => 
  array (
    0 => 'admin',
    1 => NULL,
    2 => NULL,
  ),
)
[ info ] [ HEADER ] array (
  'accept' => 'text/html, application/xhtml+xml, */*',
  'accept-language' => 'zh-CN',
  'user-agent' => 'Mozilla/5.0 (compatible; MSIE 10.0; Windows NT 6.1; WOW64; Trident/6.0)',
  'accept-encoding' => 'gzip, deflate',
  'host' => '8861.uuyu.com',
  'dnt' => '1',
  'connection' => 'Keep-Alive',
  'cookie' => 'PHPSESSID=9tfm6scfrddqa3u38dv08pa1o6',
)
[ info ] [ PARAM ] array (
)
[ info ] [ LOG ] INIT File
---------------------------------------------------------------
[ 2020-04-16T21:08:02+08:00 ] 49.210.181.81 GET /home.php/admin/
[ info ] 8861.uuyu.com/home.php/admin/ [运行时间：0.017165s][吞吐率：58.26req/s] [内存消耗：1,810.39kb] [文件加载：38]
[ info ] [ LANG ] /www/wwwroot/nouser/thinkphp/lang/zh-cn.php
[ info ] [ ROUTE ] array (
  'type' => 'module',
  'module' => 
  array (
    0 => 'admin',
    1 => NULL,
    2 => NULL,
  ),
)
[ info ] [ HEADER ] array (
  'host' => '8861.uuyu.com',
  'connection' => 'keep-alive',
  'upgrade-insecure-requests' => '1',
  'user-agent' => 'Mozilla/5.0 (Windows NT 6.1; WOW64) AppleWebKit/537.36 (KHTML, like Gecko) Chrome/69.0.3497.100 Safari/537.36',
  'accept' => 'text/html,application/xhtml+xml,application/xml;q=0.9,image/webp,image/apng,*/*;q=0.8',
  'accept-encoding' => 'gzip, deflate',
  'accept-language' => 'zh-CN,zh;q=0.9',
  'cookie' => 'PHPSESSID=9tfm6scfrddqa3u38dv08pa1o6',
)
[ info ] [ PARAM ] array (
)
[ info ] [ LOG ] INIT File
---------------------------------------------------------------
[ 2020-04-16T21:22:09+08:00 ] 223.21.77.181 GET /home.php/admin/admin/login.html
[ info ] 8861.uuyu.com/home.php/admin/admin/login.html [运行时间：0.030422s][吞吐率：32.87req/s] [内存消耗：3,724.98kb] [文件加载：51]
[ info ] [ LANG ] /www/wwwroot/nouser/thinkphp/lang/zh-cn.php
[ info ] [ ROUTE ] array (
  'type' => 'module',
  'module' => 
  array (
    0 => 'admin',
    1 => 'admin',
    2 => 'login',
  ),
)
[ info ] [ HEADER ] array (
  'host' => '8861.uuyu.com',
  'user-agent' => 'Mozilla/5.0 (Windows NT 6.1; Win64; x64; rv:75.0) Gecko/20100101 Firefox/75.0',
  'accept' => 'text/html,application/xhtml+xml,application/xml;q=0.9,image/webp,*/*;q=0.8',
  'accept-language' => 'zh-CN,zh;q=0.8,zh-TW;q=0.7,zh-HK;q=0.5,en-US;q=0.3,en;q=0.2',
  'accept-encoding' => 'gzip, deflate',
  'dnt' => '1',
  'connection' => 'keep-alive',
  'upgrade-insecure-requests' => '1',
  'pragma' => 'no-cache',
  'cache-control' => 'no-cache',
)
[ info ] [ PARAM ] array (
)
[ info ] [ RUN ] app\admin\controller\Admin->login[ /www/wwwroot/nouser/application/admin/controller/Admin.php ]
[ info ] [ VIEW ] ./application/admin/view/admin/login.html [ array (
  0 => 'module',
  1 => 'control',
) ]
[ info ] [ DB ] INIT mysql
[ info ] [ LOG ] INIT File
[ sql ] [ DB ] CONNECT:[ UseTime:0.000387s ] mysql:host=127.0.0.1;port=3306;dbname=nouser;charset=utf8
[ sql ] [ SQL ] SHOW COLUMNS FROM `config` [ RunTime:0.001032s ]
[ sql ] [ SQL ] SELECT * FROM `config` WHERE  (  1=1  ) LIMIT 1 [ RunTime:0.000383s ]
